2025-07-20 15:18:51,227 - INFO - 文本分割完成，耗时: 1.0ms，分割出 10 个句子
2025-07-20 15:18:51,228 - INFO - 文本分割完成，耗时: 1.0ms，分割出 10 个句子
2025-07-20 15:18:51,693 - INFO - === 开始转换流程 ===
2025-07-20 15:18:51,693 - INFO - 文本检查完成，耗时: 0.0ms
2025-07-20 15:18:51,694 - INFO - UI状态更新完成，耗时: 1.0ms
2025-07-20 15:18:51,694 - INFO - === 进入转换线程 ===
2025-07-20 15:18:51,694 - INFO - 线程启动完成，总耗时: 1.0ms
2025-07-20 15:18:51,695 - INFO - 获取文本内容耗时: 0.0ms，文本长度: 401
2025-07-20 15:18:51,696 - INFO - 文本分割完成，耗时: 0.0ms，分割出 10 个句子
2025-07-20 15:18:51,797 - INFO - 句子分割耗时: 102.0ms，句子数量: 10
2025-07-20 15:18:51,797 - INFO - 开始异步转换...
2025-07-20 15:18:51,797 - INFO - 检查edge-tts服务连接...
2025-07-20 15:18:51,798 - INFO - 开始并行转换 10 个句子
2025-07-20 15:18:51,799 - INFO - 使用 8 个并发线程
2025-07-20 15:18:51,799 - INFO - 创建任务耗时: 0.0ms
2025-07-20 15:18:51,799 - INFO - 开始执行并发转换任务...
2025-07-20 15:18:51,799 - INFO - 开始转换句子 4: 毕竟利己是人的本性，而利他是一种超越，我们不需要在拥有一个的同时将另一个消灭，我们可以兼而有之...
2025-07-20 15:18:51,801 - INFO - 句子 4 创建Communicate对象耗时: 1.0ms
2025-07-20 15:18:51,801 - INFO - 句子 4 开始网络请求...
2025-07-20 15:18:56,355 - INFO - 开始转换句子 9: 在这个过程中，我们可以用积极的思考和行动去“施肥浇水”​，但不要急于求成...
2025-07-20 15:18:56,356 - INFO - 句子 9 创建Communicate对象耗时: 1.0ms
2025-07-20 15:18:56,356 - INFO - 句子 9 开始网络请求...
2025-07-20 15:19:00,888 - INFO - 开始转换句子 5: 更好的成长者不会刻意抹杀自己的本性，而会主动接纳它，因为只有接纳了利己，我们才能坦然地向它告别...
2025-07-20 15:19:00,889 - INFO - 句子 5 创建Communicate对象耗时: 0.0ms
2025-07-20 15:19:00,889 - INFO - 句子 5 开始网络请求...
2025-07-20 15:19:05,415 - INFO - 开始转换句子 10: 毕竟，像稻盛和夫这样有道德修养的人也得花上半年多的时间才能消除自己心中的利己欲望呢...
2025-07-20 15:19:05,416 - INFO - 句子 10 创建Communicate对象耗时: 0.0ms
2025-07-20 15:19:05,416 - INFO - 句子 10 开始网络请求...
2025-07-20 15:19:09,955 - INFO - 开始转换句子 1: 毋庸置疑，利他是最好的人生信念...
2025-07-20 15:19:09,956 - INFO - 句子 1 创建Communicate对象耗时: 0.0ms
2025-07-20 15:19:09,956 - INFO - 句子 1 开始网络请求...
2025-07-20 15:19:14,477 - INFO - 开始转换句子 6: 回避和自我欺骗只会削弱我们的力量...
2025-07-20 15:19:14,478 - INFO - 句子 6 创建Communicate对象耗时: 0.0ms
2025-07-20 15:19:14,478 - INFO - 句子 6 开始网络请求...
2025-07-20 15:19:19,021 - INFO - 开始转换句子 2: 但我知道你心中还有一个顾虑，那就是担心自己不可能成为一个毫无私心的人：​“如果不小心回到了利己的状态...
2025-07-20 15:19:19,022 - INFO - 句子 2 创建Communicate对象耗时: 0.0ms
2025-07-20 15:19:19,022 - INFO - 句子 2 开始网络请求...
2025-07-20 15:19:23,544 - INFO - 开始转换句子 7: 所以，即使暂时做不到也没关系，坦然接受就好了，重要的是做真实的自己...
2025-07-20 15:19:23,544 - INFO - 句子 7 创建Communicate对象耗时: 0.0ms
2025-07-20 15:19:23,545 - INFO - 句子 7 开始网络请求...
2025-07-20 15:19:29,773 - INFO - 句子 4 网络请求+保存完成，耗时: 37971.3ms
2025-07-20 15:19:29,773 - INFO - 句子 4 生成文件大小: 57888 bytes
2025-07-20 15:19:29,773 - INFO - 句子 4 转换完成，总耗时: 37973.9ms
2025-07-20 15:19:29,774 - INFO - 开始转换句子 3: ​”关于这一点，我们其实完全不用担心，因为利他与利己原本就不是非黑即白的二元对立关系...
2025-07-20 15:19:29,774 - INFO - 句子 3 创建Communicate对象耗时: 0.0ms
2025-07-20 15:19:29,775 - INFO - 句子 3 开始网络请求...
2025-07-20 15:19:34,329 - INFO - 句子 4 任务完成，等待+执行耗时: 42529.9ms，进度: 1/10
2025-07-20 15:19:34,494 - INFO - 句子 5 网络请求+保存完成，耗时: 33605.3ms
2025-07-20 15:19:34,494 - INFO - 句子 5 生成文件大小: 59472 bytes
2025-07-20 15:19:34,495 - INFO - 句子 5 转换完成，总耗时: 33606.8ms
2025-07-20 15:19:34,495 - INFO - 开始转换句子 8: 只要你心中埋下了利他的种子，剩下的就交给时间，让它自己生根发芽...
2025-07-20 15:19:34,496 - INFO - 句子 8 创建Communicate对象耗时: 0.0ms
2025-07-20 15:19:34,496 - INFO - 句子 8 开始网络请求...
2025-07-20 15:19:39,036 - INFO - 句子 5 任务完成，等待+执行耗时: 4706.2ms，进度: 2/10
2025-07-20 15:19:39,047 - INFO - 句子 2 网络请求+保存完成，耗时: 20025.1ms
2025-07-20 15:19:39,047 - INFO - 句子 2 生成文件大小: 95760 bytes
2025-07-20 15:19:39,049 - INFO - 句子 2 转换完成，总耗时: 20028.4ms
2025-07-20 15:19:39,049 - INFO - 句子 6 网络请求+保存完成，耗时: 24571.5ms
2025-07-20 15:19:39,050 - INFO - 句子 6 生成文件大小: 23040 bytes
2025-07-20 15:19:39,050 - INFO - 句子 6 转换完成，总耗时: 24573.1ms
2025-07-20 15:19:39,050 - INFO - 句子 9 网络请求+保存完成，耗时: 42694.5ms
2025-07-20 15:19:39,051 - INFO - 句子 9 生成文件大小: 42912 bytes
2025-07-20 15:19:39,051 - INFO - 句子 9 转换完成，总耗时: 42696.5ms
2025-07-20 15:19:39,052 - INFO - 句子 7 网络请求+保存完成，耗时: 15507.4ms
2025-07-20 15:19:39,053 - INFO - 句子 7 生成文件大小: 42768 bytes
2025-07-20 15:19:39,053 - INFO - 句子 7 转换完成，总耗时: 15509.0ms
2025-07-20 15:19:39,053 - INFO - 句子 10 网络请求+保存完成，耗时: 33637.4ms
2025-07-20 15:19:39,054 - INFO - 句子 10 生成文件大小: 51984 bytes
2025-07-20 15:19:39,055 - INFO - 句子 10 转换完成，总耗时: 33640.0ms
2025-07-20 15:19:39,059 - INFO - 句子 2 任务完成，等待+执行耗时: 20.3ms，进度: 3/10
2025-07-20 15:19:39,062 - INFO - 句子 6 任务完成，等待+执行耗时: 0.0ms，进度: 4/10
2025-07-20 15:19:39,064 - INFO - 句子 9 任务完成，等待+执行耗时: 0.0ms，进度: 5/10
2025-07-20 15:19:39,065 - INFO - 句子 7 任务完成，等待+执行耗时: 0.0ms，进度: 6/10
2025-07-20 15:19:39,066 - INFO - 句子 10 任务完成，等待+执行耗时: 0.0ms，进度: 7/10
2025-07-20 15:19:39,399 - INFO - 句子 1 网络请求+保存完成，耗时: 29443.1ms
2025-07-20 15:19:39,400 - INFO - 句子 1 生成文件大小: 23472 bytes
2025-07-20 15:19:39,400 - INFO - 句子 1 转换完成，总耗时: 29444.8ms
2025-07-20 15:19:39,400 - INFO - 句子 1 任务完成，等待+执行耗时: 332.2ms，进度: 8/10
2025-07-20 15:19:40,567 - INFO - 句子 3 网络请求+保存完成，耗时: 10792.8ms
2025-07-20 15:19:40,568 - INFO - 句子 3 生成文件大小: 48672 bytes
2025-07-20 15:19:40,568 - INFO - 句子 3 转换完成，总耗时: 10793.9ms
2025-07-20 15:19:40,568 - INFO - 句子 3 任务完成，等待+执行耗时: 1166.9ms，进度: 9/10
2025-07-20 15:19:42,030 - INFO - 句子 8 网络请求+保存完成，耗时: 7534.4ms
2025-07-20 15:19:42,030 - INFO - 句子 8 生成文件大小: 39600 bytes
2025-07-20 15:19:42,030 - INFO - 句子 8 转换完成，总耗时: 7535.9ms
2025-07-20 15:19:42,030 - INFO - 句子 8 任务完成，等待+执行耗时: 1461.8ms，进度: 10/10
2025-07-20 15:19:42,031 - INFO - 所有句子转换完成，耗时: 50.23s，平均每句: 5023.2ms
2025-07-20 15:19:42,032 - INFO - === 并行转换完成，总耗时: 50.23s ===
2025-07-20 15:19:42,033 - INFO - 异步转换完成，耗时: 50.24s
2025-07-20 15:19:42,034 - INFO - === 转换流程结束，总耗时: 50.34s ===
2025-07-20 15:24:11,519 - INFO - 文本分割完成，耗时: 1.0ms，分割出 6 个句子
2025-07-20 15:24:11,519 - INFO - 文本分割完成，耗时: 0.0ms，分割出 6 个句子
2025-07-20 15:24:11,862 - INFO - === 开始转换流程 ===
2025-07-20 15:24:11,863 - INFO - 文本检查完成，耗时: 1.0ms
2025-07-20 15:24:11,863 - INFO - UI状态更新完成，耗时: 1.0ms
2025-07-20 15:24:11,864 - INFO - === 进入转换线程 ===
2025-07-20 15:24:11,864 - INFO - 线程启动完成，总耗时: 2.0ms
2025-07-20 15:24:11,865 - INFO - 获取文本内容耗时: 0.0ms，文本长度: 351
2025-07-20 15:24:11,869 - INFO - 文本分割完成，耗时: 0.0ms，分割出 6 个句子
2025-07-20 15:24:11,970 - INFO - 句子分割耗时: 105.1ms，句子数量: 6
2025-07-20 15:24:11,970 - INFO - 开始异步转换...
2025-07-20 15:24:11,970 - INFO - 检查edge-tts服务连接...
2025-07-20 15:24:11,971 - INFO - 开始并行转换 6 个句子
2025-07-20 15:24:11,972 - INFO - 使用 4 个并发线程（优化后）
2025-07-20 15:24:11,972 - INFO - 开始执行批次 1，包含 2 个任务
2025-07-20 15:24:11,972 - INFO - 开始转换句子 1: 软件的恶意推广行为是长期存在的行业乱象...
2025-07-20 15:24:11,974 - INFO - 句子 1 创建Communicate对象耗时: 1.0ms
2025-07-20 15:24:11,974 - INFO - 句子 1 开始网络请求... (尝试 1/3)
2025-07-20 15:24:16,520 - INFO - 开始转换句子 2: 部分群体为追求商业利益，采用捆绑安装、虚假诱导等不正当的推广手段进行强制推广，不仅严重影响着用户的使...
2025-07-20 15:24:16,521 - INFO - 句子 2 创建Communicate对象耗时: 0.0ms
2025-07-20 15:24:16,521 - INFO - 句子 2 开始网络请求... (尝试 1/3)
2025-07-20 15:24:23,637 - INFO - 句子 1 网络请求+保存完成，耗时: 11662.8ms
2025-07-20 15:24:23,637 - INFO - 句子 1 生成文件大小: 27072 bytes
2025-07-20 15:24:23,637 - INFO - 句子 1 转换完成，总耗时: 11665.3ms
2025-07-20 15:24:24,020 - INFO - 句子 2 网络请求+保存完成，耗时: 7499.8ms
2025-07-20 15:24:24,020 - INFO - 句子 2 生成文件大小: 86688 bytes
2025-07-20 15:24:24,021 - INFO - 句子 2 转换完成，总耗时: 7501.3ms
2025-07-20 15:24:24,021 - INFO - 句子 1 任务完成，进度: 1/6
2025-07-20 15:24:24,022 - INFO - 句子 2 任务完成，进度: 2/6
2025-07-20 15:24:24,525 - INFO - 开始执行批次 2，包含 2 个任务
2025-07-20 15:24:24,525 - INFO - 开始转换句子 3: 这类推广往往会利用技术手段绕过用户授权，不断挑战用户容忍底线、违背用户意愿强制安装软件，还会侵占设备...
2025-07-20 15:24:24,526 - INFO - 句子 3 创建Communicate对象耗时: 0.0ms
2025-07-20 15:24:24,526 - INFO - 句子 3 开始网络请求... (尝试 1/3)
2025-07-20 15:24:29,083 - INFO - 开始转换句子 4: 近日，火绒收到多位网友反馈，称在安装部分主流软件安装包时，被静默安装了金山毒霸、WPS、360画报等...
2025-07-20 15:24:29,084 - INFO - 句子 4 创建Communicate对象耗时: 0.0ms
2025-07-20 15:24:29,084 - INFO - 句子 4 开始网络请求... (尝试 1/3)
2025-07-20 15:24:37,177 - INFO - 句子 3 网络请求+保存完成，耗时: 12650.7ms
2025-07-20 15:24:37,178 - INFO - 句子 3 生成文件大小: 130320 bytes
2025-07-20 15:24:37,178 - INFO - 句子 3 转换完成，总耗时: 12652.2ms
2025-07-20 15:24:37,374 - INFO - 句子 4 网络请求+保存完成，耗时: 8290.2ms
2025-07-20 15:24:37,375 - INFO - 句子 4 生成文件大小: 94176 bytes
2025-07-20 15:24:37,375 - INFO - 句子 4 转换完成，总耗时: 8291.8ms
2025-07-20 15:24:37,376 - INFO - 句子 3 任务完成，进度: 3/6
2025-07-20 15:24:37,376 - INFO - 句子 4 任务完成，进度: 4/6
2025-07-20 15:24:37,884 - INFO - 开始执行批次 3，包含 2 个任务
2025-07-20 15:24:37,884 - INFO - 开始转换句子 5: 鉴于此前已有不少用户反馈此类情况，火绒工程师高度重视，并从实施捆绑推广的恶意软件中捕获到一个病毒样本...
2025-07-20 15:24:37,885 - INFO - 句子 5 创建Communicate对象耗时: 0.0ms
2025-07-20 15:24:37,885 - INFO - 句子 5 开始网络请求... (尝试 1/3)
2025-07-20 15:24:42,432 - INFO - 开始转换句子 6: 火绒安全软件具备在不影响正常软件运行的前提下，精准查杀该病毒的能力...
2025-07-20 15:24:42,432 - INFO - 句子 6 创建Communicate对象耗时: 0.0ms
2025-07-20 15:24:42,433 - INFO - 句子 6 开始网络请求... (尝试 1/3)
2025-07-20 15:24:50,449 - INFO - 句子 6 网络请求+保存完成，耗时: 8016.4ms
2025-07-20 15:24:50,449 - INFO - 句子 6 生成文件大小: 45504 bytes
2025-07-20 15:24:50,450 - INFO - 句子 6 转换完成，总耗时: 8018.4ms
2025-07-20 15:24:50,515 - INFO - 句子 5 网络请求+保存完成，耗时: 12630.1ms
2025-07-20 15:24:50,515 - INFO - 句子 5 生成文件大小: 63072 bytes
2025-07-20 15:24:50,515 - INFO - 句子 5 转换完成，总耗时: 12631.7ms
2025-07-20 15:24:50,516 - INFO - 句子 5 任务完成，进度: 5/6
2025-07-20 15:24:50,516 - INFO - 句子 6 任务完成，进度: 6/6
2025-07-20 15:24:50,517 - INFO - 所有句子转换完成，耗时: 38.55s，平均每句: 6424.4ms
2025-07-20 15:24:50,517 - INFO - === 并行转换完成，总耗时: 38.55s ===
2025-07-20 15:24:50,520 - INFO - 异步转换完成，耗时: 38.55s
2025-07-20 15:24:50,520 - INFO - === 转换流程结束，总耗时: 38.66s ===
2025-07-20 15:26:51,504 - INFO - 文本分割完成，耗时: 0.0ms，分割出 10 个句子
2025-07-20 15:26:51,506 - INFO - 文本分割完成，耗时: 0.0ms，分割出 10 个句子
2025-07-20 15:26:52,718 - INFO - === 开始转换流程 ===
2025-07-20 15:26:52,718 - INFO - 文本检查完成，耗时: 0.0ms
2025-07-20 15:26:52,718 - INFO - UI状态更新完成，耗时: 0.0ms
2025-07-20 15:26:52,719 - INFO - === 进入转换线程 ===
2025-07-20 15:26:52,719 - INFO - 线程启动完成，总耗时: 1.0ms
2025-07-20 15:26:52,719 - INFO - 获取文本内容耗时: 0.0ms，文本长度: 312
2025-07-20 15:26:52,721 - INFO - 文本分割完成，耗时: 1.0ms，分割出 10 个句子
2025-07-20 15:26:52,821 - INFO - 句子分割耗时: 102.0ms，句子数量: 10
2025-07-20 15:26:52,821 - INFO - 开始异步转换...
2025-07-20 15:26:52,821 - INFO - 检查edge-tts服务连接...
2025-07-20 15:26:52,822 - INFO - 开始并行转换 10 个句子
2025-07-20 15:26:52,823 - INFO - 使用 4 个并发线程（优化后）
2025-07-20 15:26:52,823 - INFO - 开始执行批次 1，包含 2 个任务
2025-07-20 15:26:52,823 - INFO - 开始转换句子 1: 一位读者发现了我的公众号，如获至宝...
2025-07-20 15:26:52,824 - INFO - 句子 1 创建Communicate对象耗时: 1.0ms
2025-07-20 15:26:52,824 - INFO - 句子 1 开始网络请求... (尝试 1/3)
2025-07-20 15:26:52,831 - INFO - 开始转换句子 2: 他兴冲冲地给我留言并向我致谢，同时还表示要把“清脑”分享给他的朋友，希望更多人能受益...
2025-07-20 15:26:52,832 - INFO - 句子 2 创建Communicate对象耗时: 1.0ms
2025-07-20 15:26:52,832 - INFO - 句子 2 开始网络请求... (尝试 1/3)
2025-07-20 15:26:54,578 - INFO - 句子 1 网络请求+保存完成，耗时: 1753.4ms
2025-07-20 15:26:54,578 - INFO - 句子 1 生成文件大小: 24336 bytes
2025-07-20 15:26:54,579 - INFO - 句子 1 转换完成，总耗时: 1755.4ms
2025-07-20 15:26:54,847 - INFO - 句子 2 网络请求+保存完成，耗时: 2014.7ms
2025-07-20 15:26:54,847 - INFO - 句子 2 生成文件大小: 53136 bytes
2025-07-20 15:26:54,848 - INFO - 句子 2 转换完成，总耗时: 2016.7ms
2025-07-20 15:26:54,848 - INFO - 句子 1 任务完成，进度: 1/10
2025-07-20 15:26:54,848 - INFO - 句子 2 任务完成，进度: 2/10
2025-07-20 15:26:55,349 - INFO - 开始执行批次 2，包含 2 个任务
2025-07-20 15:26:55,349 - INFO - 开始转换句子 3: 我当即表示感谢—对于一个几乎从来不主动推广的公众号来说，有人愿意主动将其分享给他人，那必然是发自内心...
2025-07-20 15:26:55,350 - INFO - 句子 3 创建Communicate对象耗时: 0.0ms
2025-07-20 15:26:55,350 - INFO - 句子 3 开始网络请求... (尝试 1/3)
2025-07-20 15:26:55,360 - INFO - 开始转换句子 4: 可惜好景不长，没过几天他又来留言了，但这次不是来感谢的，而是来“诉说愤怒”的...
2025-07-20 15:26:55,361 - INFO - 句子 4 创建Communicate对象耗时: 1.0ms
2025-07-20 15:26:55,361 - INFO - 句子 4 开始网络请求... (尝试 1/3)
2025-07-20 15:26:57,034 - INFO - 句子 3 网络请求+保存完成，耗时: 1684.3ms
2025-07-20 15:26:57,035 - INFO - 句子 3 生成文件大小: 60912 bytes
2025-07-20 15:26:57,035 - INFO - 句子 3 转换完成，总耗时: 1686.3ms
2025-07-20 15:26:57,061 - INFO - 句子 4 网络请求+保存完成，耗时: 1699.8ms
2025-07-20 15:26:57,062 - INFO - 句子 4 生成文件大小: 46512 bytes
2025-07-20 15:26:57,062 - INFO - 句子 4 转换完成，总耗时: 1701.8ms
2025-07-20 15:26:57,062 - INFO - 句子 3 任务完成，进度: 3/10
2025-07-20 15:26:57,063 - INFO - 句子 4 任务完成，进度: 4/10
2025-07-20 15:26:57,564 - INFO - 开始执行批次 3，包含 2 个任务
2025-07-20 15:26:57,564 - INFO - 开始转换句子 5: 他说：​“我的好朋友每天熬夜打游戏，平时不看书不成长，没有生活目标...
2025-07-20 15:26:57,565 - INFO - 句子 5 创建Communicate对象耗时: 1.0ms
2025-07-20 15:26:57,565 - INFO - 句子 5 开始网络请求... (尝试 1/3)
2025-07-20 15:26:57,572 - INFO - 开始转换句子 6: 我知道你的文章对他有用，所以强烈推荐给他，结果却被他嗤之以鼻，真是气死了...
2025-07-20 15:26:57,573 - INFO - 句子 6 创建Communicate对象耗时: 0.0ms
2025-07-20 15:26:57,573 - INFO - 句子 6 开始网络请求... (尝试 1/3)
2025-07-20 15:26:59,140 - INFO - 句子 5 网络请求+保存完成，耗时: 1575.4ms
2025-07-20 15:26:59,140 - INFO - 句子 5 生成文件大小: 41184 bytes
2025-07-20 15:26:59,140 - INFO - 句子 5 转换完成，总耗时: 1576.4ms
2025-07-20 15:26:59,949 - INFO - 句子 6 网络请求+保存完成，耗时: 2376.2ms
2025-07-20 15:26:59,949 - INFO - 句子 6 生成文件大小: 45504 bytes
2025-07-20 15:26:59,950 - INFO - 句子 6 转换完成，总耗时: 2378.2ms
2025-07-20 15:26:59,950 - INFO - 句子 5 任务完成，进度: 5/10
2025-07-20 15:26:59,950 - INFO - 句子 6 任务完成，进度: 6/10
2025-07-20 15:27:00,452 - INFO - 开始执行批次 4，包含 2 个任务
2025-07-20 15:27:00,452 - INFO - 开始转换句子 7: ”然后他问我该怎么办...
2025-07-20 15:27:00,453 - INFO - 句子 7 创建Communicate对象耗时: 1.0ms
2025-07-20 15:27:00,453 - INFO - 句子 7 开始网络请求... (尝试 1/3)
2025-07-20 15:27:00,460 - INFO - 开始转换句子 8: 我说：​“想让对方听你的劝，最好的方式不是语言，而是你自己真的变好，而且比现在好很多、比他好很多，那...
2025-07-20 15:27:00,460 - INFO - 句子 8 创建Communicate对象耗时: 0.0ms
2025-07-20 15:27:00,461 - INFO - 句子 8 开始网络请求... (尝试 1/3)
2025-07-20 15:27:01,801 - INFO - 句子 7 网络请求+保存完成，耗时: 1347.5ms
2025-07-20 15:27:01,801 - INFO - 句子 7 生成文件大小: 14976 bytes
2025-07-20 15:27:01,801 - INFO - 句子 7 转换完成，总耗时: 1348.5ms
2025-07-20 15:27:03,920 - INFO - 句子 8 网络请求+保存完成，耗时: 3458.3ms
2025-07-20 15:27:03,920 - INFO - 句子 8 生成文件大小: 69696 bytes
2025-07-20 15:27:03,921 - INFO - 句子 8 转换完成，总耗时: 3460.3ms
2025-07-20 15:27:03,921 - INFO - 句子 7 任务完成，进度: 7/10
2025-07-20 15:27:03,922 - INFO - 句子 8 任务完成，进度: 8/10
2025-07-20 15:27:04,423 - INFO - 开始执行批次 5，包含 2 个任务
2025-07-20 15:27:04,423 - INFO - 开始转换句子 9: 因为更好的建议不是劝说，而是影响...
2025-07-20 15:27:04,424 - INFO - 句子 9 创建Communicate对象耗时: 1.0ms
2025-07-20 15:27:04,424 - INFO - 句子 9 开始网络请求... (尝试 1/3)
2025-07-20 15:27:04,431 - INFO - 开始转换句子 10: ​”...
2025-07-20 15:27:04,432 - INFO - 句子 10 创建Communicate对象耗时: 0.0ms
2025-07-20 15:27:04,432 - INFO - 句子 10 开始网络请求... (尝试 1/3)
2025-07-20 15:27:05,575 - ERROR - 句子 10 尝试 1 失败: No audio was received. Please verify that your parameters are correct.
2025-07-20 15:27:05,886 - INFO - 句子 9 网络请求+保存完成，耗时: 1461.9ms
2025-07-20 15:27:05,886 - INFO - 句子 9 生成文件大小: 24048 bytes
2025-07-20 15:27:05,886 - INFO - 句子 9 转换完成，总耗时: 1462.9ms
2025-07-20 15:27:06,576 - INFO - 句子 10 创建Communicate对象耗时: 0.0ms
2025-07-20 15:27:06,576 - INFO - 句子 10 开始网络请求... (尝试 2/3)
2025-07-20 15:27:08,084 - ERROR - 句子 10 尝试 2 失败: No audio was received. Please verify that your parameters are correct.
2025-07-20 15:27:09,086 - INFO - 句子 10 创建Communicate对象耗时: 0.0ms
2025-07-20 15:27:09,086 - INFO - 句子 10 开始网络请求... (尝试 3/3)
2025-07-20 15:27:10,123 - ERROR - 句子 10 尝试 3 失败: No audio was received. Please verify that your parameters are correct.
2025-07-20 15:27:10,123 - INFO - 句子 9 任务完成，进度: 9/10
2025-07-20 15:27:10,123 - ERROR - 批次任务失败: No audio was received. Please verify that your parameters are correct.
2025-07-20 15:27:10,123 - INFO - 所有句子转换完成，耗时: 17.30s，平均每句: 1730.0ms
2025-07-20 15:27:10,124 - INFO - === 并行转换完成，总耗时: 17.30s ===
2025-07-20 15:27:10,125 - INFO - 异步转换完成，耗时: 17.30s
2025-07-20 15:27:10,125 - INFO - === 转换流程结束，总耗时: 17.41s ===
2025-07-20 15:28:44,487 - INFO - 文本分割完成，耗时: 0.0ms，分割出 48 个句子
2025-07-20 15:28:44,491 - INFO - 文本分割完成，耗时: 1.0ms，分割出 48 个句子
2025-07-20 15:28:45,586 - INFO - === 开始转换流程 ===
2025-07-20 15:28:45,587 - INFO - 文本检查完成，耗时: 1.0ms
2025-07-20 15:28:45,587 - INFO - UI状态更新完成，耗时: 1.0ms
2025-07-20 15:28:45,587 - INFO - === 进入转换线程 ===
2025-07-20 15:28:45,587 - INFO - 线程启动完成，总耗时: 1.0ms
2025-07-20 15:28:45,588 - INFO - 获取文本内容耗时: 0.0ms，文本长度: 1247
2025-07-20 15:28:45,589 - INFO - 文本分割完成，耗时: 0.0ms，分割出 48 个句子
2025-07-20 15:28:45,690 - INFO - 句子分割耗时: 102.0ms，句子数量: 48
2025-07-20 15:28:45,690 - INFO - 开始异步转换...
2025-07-20 15:28:45,691 - INFO - 检查edge-tts服务连接...
2025-07-20 15:28:45,692 - INFO - 开始并行转换 48 个句子
2025-07-20 15:28:45,693 - INFO - 使用 4 个并发线程（优化后）
2025-07-20 15:28:45,702 - INFO - 开始执行批次 1，包含 2 个任务
2025-07-20 15:28:45,702 - INFO - 开始转换句子 1: 什么是表达...
2025-07-20 15:28:45,704 - INFO - 句子 1 创建Communicate对象耗时: 0.0ms
2025-07-20 15:28:45,704 - INFO - 句子 1 开始网络请求... (尝试 1/3)
2025-07-20 15:28:45,714 - INFO - 开始转换句子 2: 当我们将提示词的定义锚定在"表达"这个概念上时，问题的性质就发生了转化...
2025-07-20 15:28:45,715 - INFO - 句子 2 创建Communicate对象耗时: 0.0ms
2025-07-20 15:28:45,716 - INFO - 句子 2 开始网络请求... (尝试 1/3)
2025-07-20 15:28:47,101 - INFO - 句子 1 网络请求+保存完成，耗时: 1396.8ms
2025-07-20 15:28:47,102 - INFO - 句子 1 生成文件大小: 10080 bytes
2025-07-20 15:28:47,102 - INFO - 句子 1 转换完成，总耗时: 1399.8ms
2025-07-20 15:28:48,483 - INFO - 句子 2 网络请求+保存完成，耗时: 2767.0ms
2025-07-20 15:28:48,483 - INFO - 句子 2 生成文件大小: 42480 bytes
2025-07-20 15:28:48,483 - INFO - 句子 2 转换完成，总耗时: 2769.0ms
2025-07-20 15:28:48,483 - INFO - 句子 1 任务完成，进度: 1/48
2025-07-20 15:28:48,484 - INFO - 句子 2 任务完成，进度: 2/48
2025-07-20 15:28:48,985 - INFO - 开始执行批次 2，包含 2 个任务
2025-07-20 15:28:48,985 - INFO - 开始转换句子 3: 我们现在需要探讨的是：什么是表达...
2025-07-20 15:28:48,986 - INFO - 句子 3 创建Communicate对象耗时: 1.0ms
2025-07-20 15:28:48,986 - INFO - 句子 3 开始网络请求... (尝试 1/3)
2025-07-20 15:28:48,993 - INFO - 开始转换句子 4: 什么是好的表达...
2025-07-20 15:28:48,994 - INFO - 句子 4 创建Communicate对象耗时: 0.0ms
2025-07-20 15:28:48,994 - INFO - 句子 4 开始网络请求... (尝试 1/3)
2025-07-20 15:28:50,274 - INFO - 句子 4 网络请求+保存完成，耗时: 1280.0ms
2025-07-20 15:28:50,274 - INFO - 句子 4 生成文件大小: 11808 bytes
2025-07-20 15:28:50,274 - INFO - 句子 4 转换完成，总耗时: 1281.0ms
2025-07-20 15:28:50,702 - INFO - 句子 3 网络请求+保存完成，耗时: 1716.3ms
2025-07-20 15:28:50,702 - INFO - 句子 3 生成文件大小: 21456 bytes
2025-07-20 15:28:50,703 - INFO - 句子 3 转换完成，总耗时: 1717.2ms
2025-07-20 15:28:50,703 - INFO - 句子 3 任务完成，进度: 3/48
2025-07-20 15:28:50,703 - INFO - 句子 4 任务完成，进度: 4/48
2025-07-20 15:28:51,204 - INFO - 开始执行批次 3，包含 2 个任务
2025-07-20 15:28:51,204 - INFO - 开始转换句子 5: 如何更好地表达...
2025-07-20 15:28:51,205 - INFO - 句子 5 创建Communicate对象耗时: 0.0ms
2025-07-20 15:28:51,205 - INFO - 句子 5 开始网络请求... (尝试 1/3)
2025-07-20 15:28:51,216 - INFO - 开始转换句子 6: 而这些问题，人类已经研究得相当透彻...
2025-07-20 15:28:51,217 - INFO - 句子 6 创建Communicate对象耗时: 0.0ms
2025-07-20 15:28:51,217 - INFO - 句子 6 开始网络请求... (尝试 1/3)
2025-07-20 15:28:52,375 - INFO - 句子 5 网络请求+保存完成，耗时: 1169.7ms
2025-07-20 15:28:52,376 - INFO - 句子 5 生成文件大小: 12528 bytes
2025-07-20 15:28:52,376 - INFO - 句子 5 转换完成，总耗时: 1171.7ms
2025-07-20 15:28:52,434 - INFO - 句子 6 网络请求+保存完成，耗时: 1216.8ms
2025-07-20 15:28:52,434 - INFO - 句子 6 生成文件大小: 24624 bytes
2025-07-20 15:28:52,435 - INFO - 句子 6 转换完成，总耗时: 1218.8ms
2025-07-20 15:28:52,435 - INFO - 句子 5 任务完成，进度: 5/48
2025-07-20 15:28:52,435 - INFO - 句子 6 任务完成，进度: 6/48
2025-07-20 15:28:52,937 - INFO - 开始执行批次 4，包含 2 个任务
2025-07-20 15:28:52,937 - INFO - 开始转换句子 7: 这意味着我们无需在技法层面反复摸索，转而可以直接借鉴表达研究的成果...
2025-07-20 15:28:52,937 - INFO - 句子 7 创建Communicate对象耗时: 0.0ms
2025-07-20 15:28:52,938 - INFO - 句子 7 开始网络请求... (尝试 1/3)
2025-07-20 15:28:52,946 - INFO - 开始转换句子 8: 什么是表达...
2025-07-20 15:28:52,947 - INFO - 句子 8 创建Communicate对象耗时: 0.0ms
2025-07-20 15:28:52,947 - INFO - 句子 8 开始网络请求... (尝试 1/3)
2025-07-20 15:28:54,076 - INFO - 句子 8 网络请求+保存完成，耗时: 1128.2ms
2025-07-20 15:28:54,077 - INFO - 句子 8 生成文件大小: 10080 bytes
2025-07-20 15:28:54,077 - INFO - 句子 8 转换完成，总耗时: 1130.2ms
2025-07-20 15:28:54,403 - INFO - 句子 7 网络请求+保存完成，耗时: 1465.0ms
2025-07-20 15:28:54,403 - INFO - 句子 7 生成文件大小: 43488 bytes
2025-07-20 15:28:54,403 - INFO - 句子 7 转换完成，总耗时: 1466.0ms
2025-07-20 15:28:54,404 - INFO - 句子 7 任务完成，进度: 7/48
2025-07-20 15:28:54,404 - INFO - 句子 8 任务完成，进度: 8/48
2025-07-20 15:28:54,905 - INFO - 开始执行批次 5，包含 2 个任务
2025-07-20 15:28:54,905 - INFO - 开始转换句子 9: 表达其实就是让符号产生意义的活动...
2025-07-20 15:28:54,906 - INFO - 句子 9 创建Communicate对象耗时: 1.0ms
2025-07-20 15:28:54,906 - INFO - 句子 9 开始网络请求... (尝试 1/3)
2025-07-20 15:28:54,913 - INFO - 开始转换句子 10: 举例来说，英语使用者用英语表达思想，各类文档写作技巧的产生都源于此——都是在让符号产生意义...
2025-07-20 15:28:54,914 - INFO - 句子 10 创建Communicate对象耗时: 0.0ms
2025-07-20 15:28:54,914 - INFO - 句子 10 开始网络请求... (尝试 1/3)
2025-07-20 15:28:56,488 - INFO - 句子 10 网络请求+保存完成，耗时: 1573.8ms
2025-07-20 15:28:56,488 - INFO - 句子 10 生成文件大小: 59040 bytes
2025-07-20 15:28:56,488 - INFO - 句子 10 转换完成，总耗时: 1574.8ms
2025-07-20 15:28:56,759 - INFO - 句子 9 网络请求+保存完成，耗时: 1852.9ms
2025-07-20 15:28:56,759 - INFO - 句子 9 生成文件大小: 22608 bytes
2025-07-20 15:28:56,760 - INFO - 句子 9 转换完成，总耗时: 1854.9ms
2025-07-20 15:28:56,760 - INFO - 句子 9 任务完成，进度: 9/48
2025-07-20 15:28:56,761 - INFO - 句子 10 任务完成，进度: 10/48
2025-07-20 15:28:57,263 - INFO - 开始执行批次 6，包含 2 个任务
2025-07-20 15:28:57,264 - INFO - 开始转换句子 11: 同样，我们使用中文符号来产生意义...
2025-07-20 15:28:57,265 - INFO - 句子 11 创建Communicate对象耗时: 1.0ms
2025-07-20 15:28:57,265 - INFO - 句子 11 开始网络请求... (尝试 1/3)
2025-07-20 15:28:57,276 - INFO - 开始转换句子 12: 这个意义产生的过程是否可以拆解...
2025-07-20 15:28:57,278 - INFO - 句子 12 创建Communicate对象耗时: 0.0ms
2025-07-20 15:28:57,278 - INFO - 句子 12 开始网络请求... (尝试 1/3)
2025-07-20 15:28:59,231 - INFO - 句子 12 网络请求+保存完成，耗时: 1952.6ms
2025-07-20 15:28:59,231 - INFO - 句子 12 生成文件大小: 21312 bytes
2025-07-20 15:28:59,231 - INFO - 句子 12 转换完成，总耗时: 1954.6ms
2025-07-20 15:29:00,002 - INFO - 句子 11 网络请求+保存完成，耗时: 2737.0ms
2025-07-20 15:29:00,002 - INFO - 句子 11 生成文件大小: 24480 bytes
2025-07-20 15:29:00,003 - INFO - 句子 11 转换完成，总耗时: 2740.0ms
2025-07-20 15:29:00,003 - INFO - 句子 11 任务完成，进度: 11/48
2025-07-20 15:29:00,003 - INFO - 句子 12 任务完成，进度: 12/48
2025-07-20 15:29:00,505 - INFO - 开始执行批次 7，包含 2 个任务
2025-07-20 15:29:00,505 - INFO - 开始转换句子 13: 其中包含哪些要素...
2025-07-20 15:29:00,506 - INFO - 句子 13 创建Communicate对象耗时: 0.0ms
2025-07-20 15:29:00,506 - INFO - 句子 13 开始网络请求... (尝试 1/3)
2025-07-20 15:29:00,514 - INFO - 开始转换句子 14: 这个事情已经真的被研究透了...
2025-07-20 15:29:00,515 - INFO - 句子 14 创建Communicate对象耗时: 0.0ms
2025-07-20 15:29:00,515 - INFO - 句子 14 开始网络请求... (尝试 1/3)
2025-07-20 15:29:01,725 - INFO - 句子 14 网络请求+保存完成，耗时: 1209.9ms
2025-07-20 15:29:01,726 - INFO - 句子 14 生成文件大小: 18864 bytes
2025-07-20 15:29:01,726 - INFO - 句子 14 转换完成，总耗时: 1211.9ms
2025-07-20 15:29:01,902 - INFO - 句子 13 网络请求+保存完成，耗时: 1396.0ms
2025-07-20 15:29:01,902 - INFO - 句子 13 生成文件大小: 14400 bytes
2025-07-20 15:29:01,903 - INFO - 句子 13 转换完成，总耗时: 1398.0ms
2025-07-20 15:29:01,903 - INFO - 句子 13 任务完成，进度: 13/48
2025-07-20 15:29:01,904 - INFO - 句子 14 任务完成，进度: 14/48
2025-07-20 15:29:02,407 - INFO - 开始执行批次 8，包含 2 个任务
2025-07-20 15:29:02,407 - INFO - 开始转换句子 15: [图片]...
2025-07-20 15:29:02,408 - INFO - 句子 15 创建Communicate对象耗时: 0.0ms
2025-07-20 15:29:02,409 - INFO - 句子 15 开始网络请求... (尝试 1/3)
2025-07-20 15:29:02,422 - INFO - 开始转换句子 16: 我现在读了很多关于表达的书，自己读下来对写提示词有直接帮助的，最有启发的就是《关于说话的一切》这本书...
2025-07-20 15:29:02,423 - INFO - 句子 16 创建Communicate对象耗时: 0.0ms
2025-07-20 15:29:02,423 - INFO - 句子 16 开始网络请求... (尝试 1/3)
2025-07-20 15:29:03,469 - INFO - 句子 15 网络请求+保存完成，耗时: 1059.9ms
2025-07-20 15:29:03,469 - INFO - 句子 15 生成文件大小: 7920 bytes
2025-07-20 15:29:03,470 - INFO - 句子 15 转换完成，总耗时: 1062.9ms
2025-07-20 15:29:04,632 - INFO - 句子 16 网络请求+保存完成，耗时: 2208.6ms
2025-07-20 15:29:04,633 - INFO - 句子 16 生成文件大小: 78048 bytes
2025-07-20 15:29:04,633 - INFO - 句子 16 转换完成，总耗时: 2210.6ms
2025-07-20 15:29:04,633 - INFO - 句子 15 任务完成，进度: 15/48
2025-07-20 15:29:04,634 - INFO - 句子 16 任务完成，进度: 16/48
2025-07-20 15:29:05,135 - INFO - 开始执行批次 9，包含 2 个任务
2025-07-20 15:29:05,135 - INFO - 开始转换句子 17: 该书将「表达」拆解为三个核心部分：...
2025-07-20 15:29:05,136 - INFO - 句子 17 创建Communicate对象耗时: 0.0ms
2025-07-20 15:29:05,136 - INFO - 句子 17 开始网络请求... (尝试 1/3)
2025-07-20 15:29:05,143 - INFO - 开始转换句子 18: - 首先是本意——这是存在于你脑海中的想法、模糊概念或方法论...
2025-07-20 15:29:05,144 - INFO - 句子 18 创建Communicate对象耗时: 0.0ms
2025-07-20 15:29:05,144 - INFO - 句子 18 开始网络请求... (尝试 1/3)
2025-07-20 15:29:07,003 - INFO - 句子 17 网络请求+保存完成，耗时: 1867.7ms
2025-07-20 15:29:07,004 - INFO - 句子 17 生成文件大小: 21168 bytes
2025-07-20 15:29:07,004 - INFO - 句子 17 转换完成，总耗时: 1869.7ms
2025-07-20 15:29:07,037 - INFO - 句子 18 网络请求+保存完成，耗时: 1893.9ms
2025-07-20 15:29:07,037 - INFO - 句子 18 生成文件大小: 37872 bytes
2025-07-20 15:29:07,037 - INFO - 句子 18 转换完成，总耗时: 1894.9ms
2025-07-20 15:29:07,038 - INFO - 句子 17 任务完成，进度: 17/48
2025-07-20 15:29:07,038 - INFO - 句子 18 任务完成，进度: 18/48
2025-07-20 15:29:07,541 - INFO - 开始执行批次 10，包含 2 个任务
2025-07-20 15:29:07,541 - INFO - 开始转换句子 19: 有了本意，才谈得上表达...
2025-07-20 15:29:07,542 - INFO - 句子 19 创建Communicate对象耗时: 0.0ms
2025-07-20 15:29:07,542 - INFO - 句子 19 开始网络请求... (尝试 1/3)
2025-07-20 15:29:07,549 - INFO - 开始转换句子 20: - 其次是文意——当你想让对方理解你脑海中的想法时，你需要选择恰当的语言符号...
2025-07-20 15:29:07,550 - INFO - 句子 20 创建Communicate对象耗时: 0.0ms
2025-07-20 15:29:07,550 - INFO - 句子 20 开始网络请求... (尝试 1/3)
2025-07-20 15:29:09,044 - INFO - 句子 19 网络请求+保存完成，耗时: 1502.7ms
2025-07-20 15:29:09,045 - INFO - 句子 19 生成文件大小: 17280 bytes
2025-07-20 15:29:09,045 - INFO - 句子 19 转换完成，总耗时: 1504.7ms
2025-07-20 15:29:09,505 - INFO - 句子 20 网络请求+保存完成，耗时: 1955.1ms
2025-07-20 15:29:09,506 - INFO - 句子 20 生成文件大小: 44064 bytes
2025-07-20 15:29:09,506 - INFO - 句子 20 转换完成，总耗时: 1957.1ms
2025-07-20 15:29:09,506 - INFO - 句子 19 任务完成，进度: 19/48
2025-07-20 15:29:09,507 - INFO - 句子 20 任务完成，进度: 20/48
2025-07-20 15:29:10,008 - INFO - 开始执行批次 11，包含 2 个任务
2025-07-20 15:29:10,008 - INFO - 开始转换句子 21: 为什么选择A词语而非B词语...
2025-07-20 15:29:10,009 - INFO - 句子 21 创建Communicate对象耗时: 0.0ms
2025-07-20 15:29:10,009 - INFO - 句子 21 开始网络请求... (尝试 1/3)
2025-07-20 15:29:10,016 - INFO - 开始转换句子 22: 这两者的差异是什么...
2025-07-20 15:29:10,017 - INFO - 句子 22 创建Communicate对象耗时: 0.0ms
2025-07-20 15:29:10,017 - INFO - 句子 22 开始网络请求... (尝试 1/3)
2025-07-20 15:29:11,327 - INFO - 句子 21 网络请求+保存完成，耗时: 1317.9ms
2025-07-20 15:29:11,327 - INFO - 句子 21 生成文件大小: 20880 bytes
2025-07-20 15:29:11,327 - INFO - 句子 21 转换完成，总耗时: 1318.9ms
2025-07-20 15:29:11,440 - INFO - 句子 22 网络请求+保存完成，耗时: 1422.9ms
2025-07-20 15:29:11,441 - INFO - 句子 22 生成文件大小: 14112 bytes
2025-07-20 15:29:11,441 - INFO - 句子 22 转换完成，总耗时: 1424.9ms
2025-07-20 15:29:11,441 - INFO - 句子 21 任务完成，进度: 21/48
2025-07-20 15:29:11,442 - INFO - 句子 22 任务完成，进度: 22/48
2025-07-20 15:29:11,942 - INFO - 开始执行批次 12，包含 2 个任务
2025-07-20 15:29:11,942 - INFO - 开始转换句子 23: 对方的理解是否与你一致...
2025-07-20 15:29:11,943 - INFO - 句子 23 创建Communicate对象耗时: 0.0ms
2025-07-20 15:29:11,943 - INFO - 句子 23 开始网络请求... (尝试 1/3)
2025-07-20 15:29:11,950 - INFO - 开始转换句子 24: 这些都涉及文意的问题...
2025-07-20 15:29:11,951 - INFO - 句子 24 创建Communicate对象耗时: 0.0ms
2025-07-20 15:29:11,951 - INFO - 句子 24 开始网络请求... (尝试 1/3)
2025-07-20 15:29:13,484 - INFO - 句子 23 网络请求+保存完成，耗时: 1541.0ms
2025-07-20 15:29:13,485 - INFO - 句子 23 生成文件大小: 17568 bytes
2025-07-20 15:29:13,485 - INFO - 句子 23 转换完成，总耗时: 1543.0ms
2025-07-20 15:29:13,486 - INFO - 句子 24 网络请求+保存完成，耗时: 1535.0ms
2025-07-20 15:29:13,486 - INFO - 句子 24 生成文件大小: 15264 bytes
2025-07-20 15:29:13,487 - INFO - 句子 24 转换完成，总耗时: 1537.0ms
2025-07-20 15:29:13,487 - INFO - 句子 23 任务完成，进度: 23/48
2025-07-20 15:29:13,487 - INFO - 句子 24 任务完成，进度: 24/48
2025-07-20 15:29:13,988 - INFO - 开始执行批次 13，包含 2 个任务
2025-07-20 15:29:13,988 - INFO - 开始转换句子 25: - 最后是解意——当对方接收到你的本意转化成文字表达时，会在大脑中进行"解压缩"，试图理解文字背后的...
2025-07-20 15:29:13,989 - INFO - 句子 25 创建Communicate对象耗时: 0.0ms
2025-07-20 15:29:13,989 - INFO - 句子 25 开始网络请求... (尝试 1/3)
2025-07-20 15:29:13,996 - INFO - 开始转换句子 26: 本意与解意之间的差异，正是误解产生的源头，也是为什么有时候我们的提示词得不到预期回答的原因...
2025-07-20 15:29:13,997 - INFO - 句子 26 创建Communicate对象耗时: 0.0ms
2025-07-20 15:29:13,997 - INFO - 句子 26 开始网络请求... (尝试 1/3)
2025-07-20 15:29:15,486 - INFO - 句子 25 网络请求+保存完成，耗时: 1496.7ms
2025-07-20 15:29:15,486 - INFO - 句子 25 生成文件大小: 61920 bytes
2025-07-20 15:29:15,486 - INFO - 句子 25 转换完成，总耗时: 1497.7ms
2025-07-20 15:29:15,636 - INFO - 句子 26 网络请求+保存完成，耗时: 1638.8ms
2025-07-20 15:29:15,636 - INFO - 句子 26 生成文件大小: 56448 bytes
2025-07-20 15:29:15,637 - INFO - 句子 26 转换完成，总耗时: 1640.8ms
2025-07-20 15:29:15,637 - INFO - 句子 25 任务完成，进度: 25/48
2025-07-20 15:29:15,638 - INFO - 句子 26 任务完成，进度: 26/48
2025-07-20 15:29:16,139 - INFO - 开始执行批次 14，包含 2 个任务
2025-07-20 15:29:16,139 - INFO - 开始转换句子 27: 区别在于解读的东西跟你的本意不是一个意思...
2025-07-20 15:29:16,140 - INFO - 句子 27 创建Communicate对象耗时: 0.0ms
2025-07-20 15:29:16,140 - INFO - 句子 27 开始网络请求... (尝试 1/3)
2025-07-20 15:29:16,147 - INFO - 开始转换句子 28: 虽然现在我们能修正的只有调整文意，但最根本的还是本意的明确...
2025-07-20 15:29:16,148 - INFO - 句子 28 创建Communicate对象耗时: 0.0ms
2025-07-20 15:29:16,148 - INFO - 句子 28 开始网络请求... (尝试 1/3)
2025-07-20 15:29:17,561 - INFO - 句子 28 网络请求+保存完成，耗时: 1412.7ms
2025-07-20 15:29:17,562 - INFO - 句子 28 生成文件大小: 39024 bytes
2025-07-20 15:29:17,562 - INFO - 句子 28 转换完成，总耗时: 1414.7ms
2025-07-20 15:29:17,818 - INFO - 句子 27 网络请求+保存完成，耗时: 1677.7ms
2025-07-20 15:29:17,819 - INFO - 句子 27 生成文件大小: 28656 bytes
2025-07-20 15:29:17,819 - INFO - 句子 27 转换完成，总耗时: 1679.7ms
2025-07-20 15:29:17,820 - INFO - 句子 27 任务完成，进度: 27/48
2025-07-20 15:29:17,820 - INFO - 句子 28 任务完成，进度: 28/48
2025-07-20 15:29:18,321 - INFO - 开始执行批次 15，包含 2 个任务
2025-07-20 15:29:18,321 - INFO - 开始转换句子 29: 文意永远是第二位的，本意才是第一位的...
2025-07-20 15:29:18,322 - INFO - 句子 29 创建Communicate对象耗时: 0.0ms
2025-07-20 15:29:18,322 - INFO - 句子 29 开始网络请求... (尝试 1/3)
2025-07-20 15:29:18,329 - INFO - 开始转换句子 30: 那么，如何产生并研究你脑海中的本意呢...
2025-07-20 15:29:18,330 - INFO - 句子 30 创建Communicate对象耗时: 0.0ms
2025-07-20 15:29:18,331 - INFO - 句子 30 开始网络请求... (尝试 1/3)
2025-07-20 15:29:19,672 - INFO - 句子 30 网络请求+保存完成，耗时: 1340.9ms
2025-07-20 15:29:19,673 - INFO - 句子 30 生成文件大小: 26064 bytes
2025-07-20 15:29:19,673 - INFO - 句子 30 转换完成，总耗时: 1343.9ms
2025-07-20 15:29:20,134 - INFO - 句子 29 网络请求+保存完成，耗时: 1811.9ms
2025-07-20 15:29:20,135 - INFO - 句子 29 生成文件大小: 24624 bytes
2025-07-20 15:29:20,135 - INFO - 句子 29 转换完成，总耗时: 1813.9ms
2025-07-20 15:29:20,136 - INFO - 句子 29 任务完成，进度: 29/48
2025-07-20 15:29:20,137 - INFO - 句子 30 任务完成，进度: 30/48
2025-07-20 15:29:20,639 - INFO - 开始执行批次 16，包含 2 个任务
2025-07-20 15:29:20,639 - INFO - 开始转换句子 31: 这个事情也被拆解了，脑海中任何一个想法的产生有三个要素构成：...
2025-07-20 15:29:20,640 - INFO - 句子 31 创建Communicate对象耗时: 1.0ms
2025-07-20 15:29:20,640 - INFO - 句子 31 开始网络请求... (尝试 1/3)
2025-07-20 15:29:20,647 - INFO - 开始转换句子 32: 第一是经验...
2025-07-20 15:29:20,647 - INFO - 句子 32 创建Communicate对象耗时: 0.0ms
2025-07-20 15:29:20,648 - INFO - 句子 32 开始网络请求... (尝试 1/3)
2025-07-20 15:29:22,168 - INFO - 句子 32 网络请求+保存完成，耗时: 1520.6ms
2025-07-20 15:29:22,169 - INFO - 句子 32 生成文件大小: 10368 bytes
2025-07-20 15:29:22,169 - INFO - 句子 32 转换完成，总耗时: 1522.6ms
2025-07-20 15:29:22,223 - INFO - 句子 31 网络请求+保存完成，耗时: 1583.6ms
2025-07-20 15:29:22,223 - INFO - 句子 31 生成文件大小: 37440 bytes
2025-07-20 15:29:22,224 - INFO - 句子 31 转换完成，总耗时: 1585.6ms
2025-07-20 15:29:22,224 - INFO - 句子 31 任务完成，进度: 31/48
2025-07-20 15:29:22,225 - INFO - 句子 32 任务完成，进度: 32/48
2025-07-20 15:29:22,727 - INFO - 开始执行批次 17，包含 2 个任务
2025-07-20 15:29:22,727 - INFO - 开始转换句子 33: 这种经验必须是切身的、真实的体验...
2025-07-20 15:29:22,728 - INFO - 句子 33 创建Communicate对象耗时: 0.0ms
2025-07-20 15:29:22,728 - INFO - 句子 33 开始网络请求... (尝试 1/3)
2025-07-20 15:29:22,735 - INFO - 开始转换句子 34: 就像被铁壶烫伤的经历，当你真实体验过那种疼痛，神经系统产生过相应的反射，这种体感才能让你对"烫"这个...
2025-07-20 15:29:22,736 - INFO - 句子 34 创建Communicate对象耗时: 0.0ms
2025-07-20 15:29:22,736 - INFO - 句子 34 开始网络请求... (尝试 1/3)
2025-07-20 15:29:24,312 - INFO - 句子 33 网络请求+保存完成，耗时: 1584.2ms
2025-07-20 15:29:24,312 - INFO - 句子 33 生成文件大小: 24336 bytes
2025-07-20 15:29:24,313 - INFO - 句子 33 转换完成，总耗时: 1586.2ms
2025-07-20 15:29:25,675 - INFO - 句子 34 网络请求+保存完成，耗时: 2938.7ms
2025-07-20 15:29:25,676 - INFO - 句子 34 生成文件大小: 71712 bytes
2025-07-20 15:29:25,676 - INFO - 句子 34 转换完成，总耗时: 2940.7ms
2025-07-20 15:29:25,676 - INFO - 句子 33 任务完成，进度: 33/48
2025-07-20 15:29:25,677 - INFO - 句子 34 任务完成，进度: 34/48
2025-07-20 15:29:26,177 - INFO - 开始执行批次 18，包含 2 个任务
2025-07-20 15:29:26,177 - INFO - 开始转换句子 35: 只有建立在真实体验基础上的想法，才是具有实质意义的...
2025-07-20 15:29:26,178 - INFO - 句子 35 创建Communicate对象耗时: 0.0ms
2025-07-20 15:29:26,178 - INFO - 句子 35 开始网络请求... (尝试 1/3)
2025-07-20 15:29:26,185 - INFO - 开始转换句子 36: 第二是词汇与经验的映射关系...
2025-07-20 15:29:26,186 - INFO - 句子 36 创建Communicate对象耗时: 0.0ms
2025-07-20 15:29:26,186 - INFO - 句子 36 开始网络请求... (尝试 1/3)
2025-07-20 15:29:27,671 - INFO - 句子 35 网络请求+保存完成，耗时: 1492.7ms
2025-07-20 15:29:27,672 - INFO - 句子 35 生成文件大小: 31536 bytes
2025-07-20 15:29:27,672 - INFO - 句子 35 转换完成，总耗时: 1494.7ms
2025-07-20 15:29:28,348 - INFO - 句子 36 网络请求+保存完成，耗时: 2161.6ms
2025-07-20 15:29:28,349 - INFO - 句子 36 生成文件大小: 18864 bytes
2025-07-20 15:29:28,349 - INFO - 句子 36 转换完成，总耗时: 2163.6ms
2025-07-20 15:29:28,349 - INFO - 句子 35 任务完成，进度: 35/48
2025-07-20 15:29:28,350 - INFO - 句子 36 任务完成，进度: 36/48
2025-07-20 15:29:28,850 - INFO - 开始执行批次 19，包含 2 个任务
2025-07-20 15:29:28,850 - INFO - 开始转换句子 37: 不同语言中，词汇对经验的映射程度是不同的...
2025-07-20 15:29:28,851 - INFO - 句子 37 创建Communicate对象耗时: 0.0ms
2025-07-20 15:29:28,851 - INFO - 句子 37 开始网络请求... (尝试 1/3)
2025-07-20 15:29:28,861 - INFO - 开始转换句子 38: 比如，某些民族有15个不同的词汇来描述"红色"，能够精确地表达色彩的细微差别...
2025-07-20 15:29:28,863 - INFO - 句子 38 创建Communicate对象耗时: 0.0ms
2025-07-20 15:29:28,863 - INFO - 句子 38 开始网络请求... (尝试 1/3)
2025-07-20 15:29:30,494 - INFO - 句子 37 网络请求+保存完成，耗时: 1642.4ms
2025-07-20 15:29:30,494 - INFO - 句子 37 生成文件大小: 26784 bytes
2025-07-20 15:29:30,495 - INFO - 句子 37 转换完成，总耗时: 1644.4ms
2025-07-20 15:29:31,898 - INFO - 句子 38 网络请求+保存完成，耗时: 3035.2ms
2025-07-20 15:29:31,899 - INFO - 句子 38 生成文件大小: 47808 bytes
2025-07-20 15:29:31,899 - INFO - 句子 38 转换完成，总耗时: 3038.3ms
2025-07-20 15:29:31,899 - INFO - 句子 37 任务完成，进度: 37/48
2025-07-20 15:29:31,900 - INFO - 句子 38 任务完成，进度: 38/48
2025-07-20 15:29:32,402 - INFO - 开始执行批次 20，包含 2 个任务
2025-07-20 15:29:32,402 - INFO - 开始转换句子 39: 而在另一些语言中，可能只用一个"红"字来涵盖所有色调...
2025-07-20 15:29:32,402 - INFO - 句子 39 创建Communicate对象耗时: 0.0ms
2025-07-20 15:29:32,403 - INFO - 句子 39 开始网络请求... (尝试 1/3)
2025-07-20 15:29:32,410 - INFO - 开始转换句子 40: 词汇的丰富程度直接影响着我们感知和表达经验的精确度...
2025-07-20 15:29:32,410 - INFO - 句子 40 创建Communicate对象耗时: 0.0ms
2025-07-20 15:29:32,411 - INFO - 句子 40 开始网络请求... (尝试 1/3)
2025-07-20 15:29:33,627 - INFO - 句子 39 网络请求+保存完成，耗时: 1223.6ms
2025-07-20 15:29:33,627 - INFO - 句子 39 生成文件大小: 31248 bytes
2025-07-20 15:29:33,628 - INFO - 句子 39 转换完成，总耗时: 1225.6ms
2025-07-20 15:29:33,874 - INFO - 句子 40 网络请求+保存完成，耗时: 1462.6ms
2025-07-20 15:29:33,875 - INFO - 句子 40 生成文件大小: 33264 bytes
2025-07-20 15:29:33,875 - INFO - 句子 40 转换完成，总耗时: 1464.6ms
2025-07-20 15:29:33,875 - INFO - 句子 39 任务完成，进度: 39/48
2025-07-20 15:29:33,876 - INFO - 句子 40 任务完成，进度: 40/48
2025-07-20 15:29:34,377 - INFO - 开始执行批次 21，包含 2 个任务
2025-07-20 15:29:34,377 - INFO - 开始转换句子 41: 第三是对原理的理解...
2025-07-20 15:29:34,378 - INFO - 句子 41 创建Communicate对象耗时: 0.0ms
2025-07-20 15:29:34,378 - INFO - 句子 41 开始网络请求... (尝试 1/3)
2025-07-20 15:29:34,385 - INFO - 开始转换句子 42: 仅仅知道某个词的字面含义是不够的，还需要理解其背后的运作机制...
2025-07-20 15:29:34,386 - INFO - 句子 42 创建Communicate对象耗时: 0.0ms
2025-07-20 15:29:34,386 - INFO - 句子 42 开始网络请求... (尝试 1/3)
2025-07-20 15:29:35,749 - INFO - 句子 41 网络请求+保存完成，耗时: 1370.2ms
2025-07-20 15:29:35,749 - INFO - 句子 41 生成文件大小: 15840 bytes
2025-07-20 15:29:35,749 - INFO - 句子 41 转换完成，总耗时: 1372.2ms
2025-07-20 15:29:36,137 - INFO - 句子 42 网络请求+保存完成，耗时: 1751.2ms
2025-07-20 15:29:36,137 - INFO - 句子 42 生成文件大小: 39744 bytes
2025-07-20 15:29:36,137 - INFO - 句子 42 转换完成，总耗时: 1752.2ms
2025-07-20 15:29:36,138 - INFO - 句子 41 任务完成，进度: 41/48
2025-07-20 15:29:36,138 - INFO - 句子 42 任务完成，进度: 42/48
2025-07-20 15:29:36,640 - INFO - 开始执行批次 22，包含 2 个任务
2025-07-20 15:29:36,640 - INFO - 开始转换句子 43: 就像我们谈论"embedding"或"attention"这样的概念，虽然不需要理解每一行代码的实现...
2025-07-20 15:29:36,641 - INFO - 句子 43 创建Communicate对象耗时: 0.0ms
2025-07-20 15:29:36,641 - INFO - 句子 43 开始网络请求... (尝试 1/3)
2025-07-20 15:29:36,653 - INFO - 开始转换句子 44: 只有同时具备这三个要素，我们的大脑才能形成真正清晰的想法...
2025-07-20 15:29:36,654 - INFO - 句子 44 创建Communicate对象耗时: 0.0ms
2025-07-20 15:29:36,656 - INFO - 句子 44 开始网络请求... (尝试 1/3)
2025-07-20 15:29:38,370 - INFO - 句子 43 网络请求+保存完成，耗时: 1729.6ms
2025-07-20 15:29:38,370 - INFO - 句子 43 生成文件大小: 63504 bytes
2025-07-20 15:29:38,371 - INFO - 句子 43 转换完成，总耗时: 1731.6ms
2025-07-20 15:29:39,591 - INFO - 句子 44 网络请求+保存完成，耗时: 2935.5ms
2025-07-20 15:29:39,592 - INFO - 句子 44 生成文件大小: 36144 bytes
2025-07-20 15:29:39,592 - INFO - 句子 44 转换完成，总耗时: 2939.5ms
2025-07-20 15:29:39,592 - INFO - 句子 43 任务完成，进度: 43/48
2025-07-20 15:29:39,593 - INFO - 句子 44 任务完成，进度: 44/48
2025-07-20 15:29:40,094 - INFO - 开始执行批次 23，包含 2 个任务
2025-07-20 15:29:40,094 - INFO - 开始转换句子 45: 有了清晰的想法作为基础，我们才能选择恰当的符号来表达，使接收方在解读后能够准确理解我们的本意，将误差...
2025-07-20 15:29:40,094 - INFO - 句子 45 创建Communicate对象耗时: 0.0ms
2025-07-20 15:29:40,095 - INFO - 句子 45 开始网络请求... (尝试 1/3)
2025-07-20 15:29:40,102 - INFO - 开始转换句子 46: 这就是我理解的清晰表达的精髓...
2025-07-20 15:29:40,103 - INFO - 句子 46 创建Communicate对象耗时: 0.0ms
2025-07-20 15:29:40,103 - INFO - 句子 46 开始网络请求... (尝试 1/3)
2025-07-20 15:29:41,293 - INFO - 句子 46 网络请求+保存完成，耗时: 1189.5ms
2025-07-20 15:29:41,293 - INFO - 句子 46 生成文件大小: 21312 bytes
2025-07-20 15:29:41,294 - INFO - 句子 46 转换完成，总耗时: 1190.5ms
2025-07-20 15:29:41,878 - INFO - 句子 45 网络请求+保存完成，耗时: 1782.5ms
2025-07-20 15:29:41,878 - INFO - 句子 45 生成文件大小: 77472 bytes
2025-07-20 15:29:41,878 - INFO - 句子 45 转换完成，总耗时: 1783.5ms
2025-07-20 15:29:41,879 - INFO - 句子 45 任务完成，进度: 45/48
2025-07-20 15:29:41,879 - INFO - 句子 46 任务完成，进度: 46/48
2025-07-20 15:29:42,381 - INFO - 开始执行批次 24，包含 2 个任务
2025-07-20 15:29:42,381 - INFO - 开始转换句子 47: 回顾过去一年的经验，我发现写提示词时只需要解决两个关键问题：首先，我是否真正理清了脑海中的想法；其次...
2025-07-20 15:29:42,381 - INFO - 句子 47 创建Communicate对象耗时: 0.0ms
2025-07-20 15:29:42,382 - INFO - 句子 47 开始网络请求... (尝试 1/3)
2025-07-20 15:29:42,389 - INFO - 开始转换句子 48: 一旦这两个问题得到解决，提示词的"战役"就已经胜利了...
2025-07-20 15:29:42,390 - INFO - 句子 48 创建Communicate对象耗时: 1.0ms
2025-07-20 15:29:42,390 - INFO - 句子 48 开始网络请求... (尝试 1/3)
2025-07-20 15:29:43,647 - INFO - 句子 48 网络请求+保存完成，耗时: 1256.2ms
2025-07-20 15:29:43,648 - INFO - 句子 48 生成文件大小: 32112 bytes
2025-07-20 15:29:43,648 - INFO - 句子 48 转换完成，总耗时: 1258.2ms
2025-07-20 15:29:46,296 - INFO - 句子 47 网络请求+保存完成，耗时: 3913.1ms
2025-07-20 15:29:46,296 - INFO - 句子 47 生成文件大小: 86256 bytes
2025-07-20 15:29:46,296 - INFO - 句子 47 转换完成，总耗时: 3914.1ms
2025-07-20 15:29:46,297 - INFO - 句子 47 任务完成，进度: 47/48
2025-07-20 15:29:46,297 - INFO - 句子 48 任务完成，进度: 48/48
2025-07-20 15:29:46,298 - INFO - 所有句子转换完成，耗时: 60.61s，平均每句: 1262.6ms
2025-07-20 15:29:46,299 - INFO - === 并行转换完成，总耗时: 60.61s ===
2025-07-20 15:29:46,299 - INFO - 异步转换完成，耗时: 60.61s
2025-07-20 15:29:46,300 - INFO - === 转换流程结束，总耗时: 60.71s ===
2025-07-20 15:33:25,382 - INFO - 文本分割完成，耗时: 0.0ms，分割出 23 个句子
2025-07-20 15:33:25,383 - INFO - 文本分割完成，耗时: 0.0ms，分割出 23 个句子
2025-07-20 15:33:25,631 - INFO - === 开始转换流程 ===
2025-07-20 15:33:25,631 - INFO - 文本检查完成，耗时: 0.0ms
2025-07-20 15:33:25,631 - INFO - UI状态更新完成，耗时: 0.0ms
2025-07-20 15:33:25,632 - INFO - === 进入转换线程 ===
2025-07-20 15:33:25,632 - INFO - 线程启动完成，总耗时: 1.0ms
2025-07-20 15:33:25,632 - INFO - 获取文本内容耗时: 0.0ms，文本长度: 720
2025-07-20 15:33:25,633 - INFO - 文本分割完成，耗时: 0.0ms，分割出 23 个句子
2025-07-20 15:33:25,734 - INFO - 句子分割耗时: 100.9ms，句子数量: 23
2025-07-20 15:33:25,734 - INFO - 开始异步转换...
2025-07-20 15:33:25,734 - INFO - 检查edge-tts服务连接...
2025-07-20 15:33:25,735 - INFO - 开始并行转换 23 个句子
2025-07-20 15:33:25,736 - INFO - 使用 4 个并发线程（优化后）
2025-07-20 15:33:25,736 - INFO - 开始执行批次 1，包含 2 个任务
2025-07-20 15:33:25,736 - INFO - 开始转换句子 1: 模型效果怎么组成...
2025-07-20 15:33:25,737 - INFO - 句子 1 创建Communicate对象耗时: 0.0ms
2025-07-20 15:33:25,738 - INFO - 句子 1 开始网络请求... (尝试 1/3)
2025-07-20 15:33:30,291 - INFO - 开始转换句子 2: 在表达理论的映射下，我们可以发现大模型的输出结果实际上是由三个核心要素构成的函数：...
2025-07-20 15:33:30,292 - INFO - 句子 2 创建Communicate对象耗时: 0.0ms
2025-07-20 15:33:30,292 - INFO - 句子 2 开始网络请求... (尝试 1/3)
2025-07-20 15:33:36,372 - INFO - 句子 1 网络请求+保存完成，耗时: 10634.2ms
2025-07-20 15:33:36,372 - INFO - 句子 1 生成文件大小: 13824 bytes
2025-07-20 15:33:36,372 - INFO - 句子 1 转换完成，总耗时: 10636.2ms
2025-07-20 15:33:36,464 - INFO - 句子 2 网络请求+保存完成，耗时: 6171.9ms
2025-07-20 15:33:36,465 - INFO - 句子 2 生成文件大小: 49536 bytes
2025-07-20 15:33:36,465 - INFO - 句子 2 转换完成，总耗时: 6173.9ms
2025-07-20 15:33:36,465 - INFO - 句子 1 任务完成，进度: 1/23
2025-07-20 15:33:36,466 - INFO - 句子 2 任务完成，进度: 2/23
2025-07-20 15:33:36,967 - INFO - 开始执行批次 2，包含 2 个任务
2025-07-20 15:33:36,967 - INFO - 开始转换句子 3: 首先是大模型本身...
2025-07-20 15:33:36,968 - INFO - 句子 3 创建Communicate对象耗时: 1.0ms
2025-07-20 15:33:36,968 - INFO - 句子 3 开始网络请求... (尝试 1/3)
2025-07-20 15:33:36,975 - INFO - 开始转换句子 4: 当提示词没有达到预期效果时，原因可能是本意不清晰，也可能是文字选择不当...
2025-07-20 15:33:36,976 - INFO - 句子 4 创建Communicate对象耗时: 0.0ms
2025-07-20 15:33:36,976 - INFO - 句子 4 开始网络请求... (尝试 1/3)
2025-07-20 15:33:38,273 - INFO - 句子 3 网络请求+保存完成，耗时: 1305.2ms
2025-07-20 15:33:38,273 - INFO - 句子 3 生成文件大小: 14976 bytes
2025-07-20 15:33:38,273 - INFO - 句子 3 转换完成，总耗时: 1306.2ms
2025-07-20 15:33:38,324 - INFO - 句子 4 网络请求+保存完成，耗时: 1348.2ms
2025-07-20 15:33:38,363 - INFO - 句子 4 生成文件大小: 45216 bytes
2025-07-20 15:33:38,363 - INFO - 句子 4 转换完成，总耗时: 1388.2ms
2025-07-20 15:33:38,363 - INFO - 句子 3 任务完成，进度: 3/23
2025-07-20 15:33:38,364 - INFO - 句子 4 任务完成，进度: 4/23
2025-07-20 15:33:38,866 - INFO - 开始执行批次 3，包含 2 个任务
2025-07-20 15:33:38,866 - INFO - 开始转换句子 5: 但即便本意清晰、表达准确，如果模型能力不足，依然无法获得理想输出...
2025-07-20 15:33:38,867 - INFO - 句子 5 创建Communicate对象耗时: 0.0ms
2025-07-20 15:33:38,867 - INFO - 句子 5 开始网络请求... (尝试 1/3)
2025-07-20 15:33:38,874 - INFO - 开始转换句子 6: 这也是为什么我们需要进行多模型对比...
2025-07-20 15:33:38,875 - INFO - 句子 6 创建Communicate对象耗时: 0.0ms
2025-07-20 15:33:38,875 - INFO - 句子 6 开始网络请求... (尝试 1/3)
2025-07-20 15:33:40,356 - INFO - 句子 5 网络请求+保存完成，耗时: 1489.0ms
2025-07-20 15:33:40,356 - INFO - 句子 5 生成文件大小: 43344 bytes
2025-07-20 15:33:40,356 - INFO - 句子 5 转换完成，总耗时: 1490.0ms
2025-07-20 15:33:40,637 - INFO - 句子 6 网络请求+保存完成，耗时: 1761.5ms
2025-07-20 15:33:40,638 - INFO - 句子 6 生成文件大小: 23184 bytes
2025-07-20 15:33:40,638 - INFO - 句子 6 转换完成，总耗时: 1763.5ms
2025-07-20 15:33:40,638 - INFO - 句子 5 任务完成，进度: 5/23
2025-07-20 15:33:40,638 - INFO - 句子 6 任务完成，进度: 6/23
2025-07-20 15:33:41,139 - INFO - 开始执行批次 4，包含 2 个任务
2025-07-20 15:33:41,139 - INFO - 开始转换句子 7: 大模型作为一个能力放大器，其解读能力直接对应着表达理论中的"解意"环节——它决定了如何理解和处理输入...
2025-07-20 15:33:41,140 - INFO - 句子 7 创建Communicate对象耗时: 0.0ms
2025-07-20 15:33:41,140 - INFO - 句子 7 开始网络请求... (尝试 1/3)
2025-07-20 15:33:41,148 - INFO - 开始转换句子 8: 第二个要素是任务本身...
2025-07-20 15:33:41,148 - INFO - 句子 8 创建Communicate对象耗时: 0.0ms
2025-07-20 15:33:41,148 - INFO - 句子 8 开始网络请求... (尝试 1/3)
2025-07-20 15:33:42,370 - INFO - 句子 8 网络请求+保存完成，耗时: 1221.6ms
2025-07-20 15:33:42,370 - INFO - 句子 8 生成文件大小: 15696 bytes
2025-07-20 15:33:42,370 - INFO - 句子 8 转换完成，总耗时: 1221.6ms
2025-07-20 15:33:43,183 - INFO - 句子 7 网络请求+保存完成，耗时: 2043.2ms
2025-07-20 15:33:43,183 - INFO - 句子 7 生成文件大小: 63360 bytes
2025-07-20 15:33:43,183 - INFO - 句子 7 转换完成，总耗时: 2044.2ms
2025-07-20 15:33:43,183 - INFO - 句子 7 任务完成，进度: 7/23
2025-07-20 15:33:43,184 - INFO - 句子 8 任务完成，进度: 8/23
2025-07-20 15:33:43,685 - INFO - 开始执行批次 5，包含 2 个任务
2025-07-20 15:33:43,685 - INFO - 开始转换句子 9: 在编写提示词时，我们必须明确理解任务的具体要求...
2025-07-20 15:33:43,686 - INFO - 句子 9 创建Communicate对象耗时: 0.0ms
2025-07-20 15:33:43,686 - INFO - 句子 9 开始网络请求... (尝试 1/3)
2025-07-20 15:33:43,693 - INFO - 开始转换句子 10: 例如，将文言文翻译成现代汉语这个任务，你需要确定是采用何种风格——是幽默诙谐，还是陕北民风，抑或是适...
2025-07-20 15:33:43,694 - INFO - 句子 10 创建Communicate对象耗时: 0.0ms
2025-07-20 15:33:43,694 - INFO - 句子 10 开始网络请求... (尝试 1/3)
2025-07-20 15:33:45,277 - INFO - 句子 9 网络请求+保存完成，耗时: 1590.5ms
2025-07-20 15:33:45,277 - INFO - 句子 9 生成文件大小: 31248 bytes
2025-07-20 15:33:45,277 - INFO - 句子 9 转换完成，总耗时: 1591.5ms
2025-07-20 15:33:46,470 - INFO - 句子 10 网络请求+保存完成，耗时: 2776.1ms
2025-07-20 15:33:46,470 - INFO - 句子 10 生成文件大小: 74016 bytes
2025-07-20 15:33:46,470 - INFO - 句子 10 转换完成，总耗时: 2777.1ms
2025-07-20 15:33:46,471 - INFO - 句子 9 任务完成，进度: 9/23
2025-07-20 15:33:46,471 - INFO - 句子 10 任务完成，进度: 10/23
2025-07-20 15:33:46,973 - INFO - 开始执行批次 6，包含 2 个任务
2025-07-20 15:33:46,973 - INFO - 开始转换句子 11: 这种任务理解和定位直接对应着表达理论中的"本意"——你究竟想要完成什么（或者任务本身的Know-ho...
2025-07-20 15:33:46,974 - INFO - 句子 11 创建Communicate对象耗时: 0.0ms
2025-07-20 15:33:46,974 - INFO - 句子 11 开始网络请求... (尝试 1/3)
2025-07-20 15:33:46,981 - INFO - 开始转换句子 12: 如果缺乏明确的任务定义，输出结果永远可能与初衷产生偏差...
2025-07-20 15:33:46,982 - INFO - 句子 12 创建Communicate对象耗时: 0.0ms
2025-07-20 15:33:46,982 - INFO - 句子 12 开始网络请求... (尝试 1/3)
2025-07-20 15:33:48,443 - INFO - 句子 12 网络请求+保存完成，耗时: 1461.1ms
2025-07-20 15:33:48,443 - INFO - 句子 12 生成文件大小: 36720 bytes
2025-07-20 15:33:48,444 - INFO - 句子 12 转换完成，总耗时: 1463.1ms
2025-07-20 15:33:48,863 - INFO - 句子 11 网络请求+保存完成，耗时: 1888.1ms
2025-07-20 15:33:48,863 - INFO - 句子 11 生成文件大小: 50688 bytes
2025-07-20 15:33:48,863 - INFO - 句子 11 转换完成，总耗时: 1890.1ms
2025-07-20 15:33:48,863 - INFO - 句子 11 任务完成，进度: 11/23
2025-07-20 15:33:48,864 - INFO - 句子 12 任务完成，进度: 12/23
2025-07-20 15:33:49,366 - INFO - 开始执行批次 7，包含 2 个任务
2025-07-20 15:33:49,366 - INFO - 开始转换句子 13: 第三个要素才是提示词本身...
2025-07-20 15:33:49,366 - INFO - 句子 13 创建Communicate对象耗时: 0.0ms
2025-07-20 15:33:49,367 - INFO - 句子 13 开始网络请求... (尝试 1/3)
2025-07-20 15:33:49,374 - INFO - 开始转换句子 14: 就输出效果而言，提示词的重要性实际上排在第三位...
2025-07-20 15:33:49,375 - INFO - 句子 14 创建Communicate对象耗时: 0.0ms
2025-07-20 15:33:49,375 - INFO - 句子 14 开始网络请求... (尝试 1/3)
2025-07-20 15:33:50,733 - INFO - 句子 13 网络请求+保存完成，耗时: 1366.3ms
2025-07-20 15:33:50,734 - INFO - 句子 13 生成文件大小: 19008 bytes
2025-07-20 15:33:50,734 - INFO - 句子 13 转换完成，总耗时: 1368.3ms
2025-07-20 15:33:51,008 - INFO - 句子 14 网络请求+保存完成，耗时: 1633.3ms
2025-07-20 15:33:51,008 - INFO - 句子 14 生成文件大小: 32256 bytes
2025-07-20 15:33:51,009 - INFO - 句子 14 转换完成，总耗时: 1635.3ms
2025-07-20 15:33:51,009 - INFO - 句子 13 任务完成，进度: 13/23
2025-07-20 15:33:51,009 - INFO - 句子 14 任务完成，进度: 14/23
2025-07-20 15:33:51,511 - INFO - 开始执行批次 8，包含 2 个任务
2025-07-20 15:33:51,511 - INFO - 开始转换句子 15: 第一位是模型，第二位是任务，第三位才是提示词...
2025-07-20 15:33:51,511 - INFO - 句子 15 创建Communicate对象耗时: 0.0ms
2025-07-20 15:33:51,512 - INFO - 句子 15 开始网络请求... (尝试 1/3)
2025-07-20 15:33:51,519 - INFO - 开始转换句子 16: 但因为它是我们能够直接操控和调整的唯一要素，所以往往获得过多关注...
2025-07-20 15:33:51,520 - INFO - 句子 16 创建Communicate对象耗时: 1.0ms
2025-07-20 15:33:51,520 - INFO - 句子 16 开始网络请求... (尝试 1/3)
2025-07-20 15:33:52,833 - INFO - 句子 15 网络请求+保存完成，耗时: 1321.2ms
2025-07-20 15:33:52,834 - INFO - 句子 15 生成文件大小: 30960 bytes
2025-07-20 15:33:52,834 - INFO - 句子 15 转换完成，总耗时: 1323.2ms
2025-07-20 15:33:52,956 - INFO - 句子 16 网络请求+保存完成，耗时: 1436.2ms
2025-07-20 15:33:52,957 - INFO - 句子 16 生成文件大小: 41472 bytes
2025-07-20 15:33:52,957 - INFO - 句子 16 转换完成，总耗时: 1438.2ms
2025-07-20 15:33:52,957 - INFO - 句子 15 任务完成，进度: 15/23
2025-07-20 15:33:52,957 - INFO - 句子 16 任务完成，进度: 16/23
2025-07-20 15:33:53,458 - INFO - 开始执行批次 9，包含 2 个任务
2025-07-20 15:33:53,458 - INFO - 开始转换句子 17: 提示词对应着表达理论中的"文意"——它是将脑中想法转化为具体文本的载体...
2025-07-20 15:33:53,459 - INFO - 句子 17 创建Communicate对象耗时: 0.0ms
2025-07-20 15:33:53,459 - INFO - 句子 17 开始网络请求... (尝试 1/3)
2025-07-20 15:33:53,466 - INFO - 开始转换句子 18: 写好提示词更像是一个结果，而非原因...
2025-07-20 15:33:53,467 - INFO - 句子 18 创建Communicate对象耗时: 0.0ms
2025-07-20 15:33:53,467 - INFO - 句子 18 开始网络请求... (尝试 1/3)
2025-07-20 15:33:54,853 - INFO - 句子 17 网络请求+保存完成，耗时: 1393.8ms
2025-07-20 15:33:54,854 - INFO - 句子 17 生成文件大小: 42768 bytes
2025-07-20 15:33:54,854 - INFO - 句子 17 转换完成，总耗时: 1395.8ms
2025-07-20 15:34:04,637 - INFO - 句子 18 网络请求+保存完成，耗时: 11169.8ms
2025-07-20 15:34:04,637 - INFO - 句子 18 生成文件大小: 25776 bytes
2025-07-20 15:34:04,638 - INFO - 句子 18 转换完成，总耗时: 11171.8ms
2025-07-20 15:34:04,638 - INFO - 句子 17 任务完成，进度: 17/23
2025-07-20 15:34:04,638 - INFO - 句子 18 任务完成，进度: 18/23
2025-07-20 15:34:05,139 - INFO - 开始执行批次 10，包含 2 个任务
2025-07-20 15:34:05,139 - INFO - 开始转换句子 19: 真正的原因在于前面两个要素：你对任务的透彻理解，以及你的思路是否真正理清...
2025-07-20 15:34:05,140 - INFO - 句子 19 创建Communicate对象耗时: 0.0ms
2025-07-20 15:34:05,140 - INFO - 句子 19 开始网络请求... (尝试 1/3)
2025-07-20 15:34:05,147 - INFO - 开始转换句子 20: 至此，我的"道"已经阐述完毕...
2025-07-20 15:34:05,147 - INFO - 句子 20 创建Communicate对象耗时: 0.0ms
2025-07-20 15:34:05,147 - INFO - 句子 20 开始网络请求... (尝试 1/3)
2025-07-20 15:34:06,264 - INFO - 句子 20 网络请求+保存完成，耗时: 1116.5ms
2025-07-20 15:34:06,265 - INFO - 句子 20 生成文件大小: 19728 bytes
2025-07-20 15:34:06,265 - INFO - 句子 20 转换完成，总耗时: 1117.5ms
2025-07-20 15:34:06,720 - INFO - 句子 19 网络请求+保存完成，耗时: 1579.5ms
2025-07-20 15:34:06,721 - INFO - 句子 19 生成文件大小: 46368 bytes
2025-07-20 15:34:06,721 - INFO - 句子 19 转换完成，总耗时: 1581.5ms
2025-07-20 15:34:06,721 - INFO - 句子 19 任务完成，进度: 19/23
2025-07-20 15:34:06,722 - INFO - 句子 20 任务完成，进度: 20/23
2025-07-20 15:34:07,224 - INFO - 开始执行批次 11，包含 2 个任务
2025-07-20 15:34:07,224 - INFO - 开始转换句子 21: 看似复杂的问题，实际上都可以归结为两组核心公式：一组是关于表达的三要素（本意、文意、解意），另一组是...
2025-07-20 15:34:07,225 - INFO - 句子 21 创建Communicate对象耗时: 0.0ms
2025-07-20 15:34:07,225 - INFO - 句子 21 开始网络请求... (尝试 1/3)
2025-07-20 15:34:07,235 - INFO - 开始转换句子 22: 所有的技巧和方法都可以追溯到这两组公式中...
2025-07-20 15:34:07,236 - INFO - 句子 22 创建Communicate对象耗时: 1.0ms
2025-07-20 15:34:07,236 - INFO - 句子 22 开始网络请求... (尝试 1/3)
2025-07-20 15:34:08,773 - INFO - 句子 22 网络请求+保存完成，耗时: 1537.0ms
2025-07-20 15:34:08,773 - INFO - 句子 22 生成文件大小: 26352 bytes
2025-07-20 15:34:08,773 - INFO - 句子 22 转换完成，总耗时: 1538.0ms
2025-07-20 15:34:08,875 - INFO - 句子 21 网络请求+保存完成，耗时: 1650.0ms
2025-07-20 15:34:08,876 - INFO - 句子 21 生成文件大小: 92448 bytes
2025-07-20 15:34:08,876 - INFO - 句子 21 转换完成，总耗时: 1652.0ms
2025-07-20 15:34:08,876 - INFO - 句子 21 任务完成，进度: 21/23
2025-07-20 15:34:08,877 - INFO - 句子 22 任务完成，进度: 22/23
2025-07-20 15:34:09,377 - INFO - 开始执行批次 12，包含 1 个任务
2025-07-20 15:34:09,377 - INFO - 开始转换句子 23: 大家可以用这个框架来检验各种写法，你会发现所有方法都是这些基本原理的具体体现（它们的映照）...
2025-07-20 15:34:09,378 - INFO - 句子 23 创建Communicate对象耗时: 0.0ms
2025-07-20 15:34:09,378 - INFO - 句子 23 开始网络请求... (尝试 1/3)
2025-07-20 15:34:11,169 - INFO - 句子 23 网络请求+保存完成，耗时: 1790.4ms
2025-07-20 15:34:11,170 - INFO - 句子 23 生成文件大小: 54720 bytes
2025-07-20 15:34:11,170 - INFO - 句子 23 转换完成，总耗时: 1792.4ms
2025-07-20 15:34:11,170 - INFO - 句子 23 任务完成，进度: 23/23
2025-07-20 15:34:11,171 - INFO - 所有句子转换完成，耗时: 45.44s，平均每句: 1975.4ms
2025-07-20 15:34:11,171 - INFO - === 并行转换完成，总耗时: 45.44s ===
2025-07-20 15:34:11,172 - INFO - 异步转换完成，耗时: 45.44s
2025-07-20 15:34:11,173 - INFO - === 转换流程结束，总耗时: 45.54s ===
2025-07-20 15:34:28,773 - INFO - 保存按钮被点击 - is_converted: True, audio_files数量: 23
2025-07-20 15:34:28,774 - INFO - 找到 23 个有效音频文件，开始保存...
2025-07-20 15:34:30,017 - INFO - 保存按钮被点击 - is_converted: True, audio_files数量: 23
2025-07-20 15:34:30,018 - INFO - 找到 23 个有效音频文件，开始保存...
2025-07-20 15:34:30,149 - INFO - 保存按钮被点击 - is_converted: True, audio_files数量: 23
2025-07-20 15:34:30,150 - INFO - 找到 23 个有效音频文件，开始保存...
2025-07-20 15:37:07,748 - INFO - 文本分割完成，耗时: 0.0ms，分割出 13 个句子
2025-07-20 15:37:07,749 - INFO - 文本分割完成，耗时: 0.0ms，分割出 13 个句子
2025-07-20 15:37:19,593 - INFO - 文本分割完成，耗时: 0.0ms，分割出 11 个句子
2025-07-20 15:37:19,594 - INFO - 文本分割完成，耗时: 0.0ms，分割出 11 个句子
2025-07-20 15:37:19,975 - INFO - === 开始转换流程 ===
2025-07-20 15:37:19,975 - INFO - 文本检查完成，耗时: 0.0ms
2025-07-20 15:37:19,976 - INFO - UI状态更新完成，耗时: 1.0ms
2025-07-20 15:37:19,976 - INFO - === 进入转换线程 ===
2025-07-20 15:37:19,976 - INFO - 线程启动完成，总耗时: 1.0ms
2025-07-20 15:37:19,977 - INFO - 获取文本内容耗时: 1.0ms，文本长度: 427
2025-07-20 15:37:19,978 - INFO - 文本分割完成，耗时: 0.0ms，分割出 11 个句子
2025-07-20 15:37:20,079 - INFO - 句子分割耗时: 102.0ms，句子数量: 11
2025-07-20 15:37:20,079 - INFO - 开始异步转换...
2025-07-20 15:37:20,079 - INFO - 检查edge-tts服务连接...
2025-07-20 15:37:20,081 - INFO - 开始并行转换 11 个句子
2025-07-20 15:37:20,081 - INFO - 使用 8 个并发线程
2025-07-20 15:37:20,081 - INFO - 开始执行批次 1，包含 4 个任务
2025-07-20 15:37:20,081 - INFO - 开始转换句子 1: 但是，这个东西不接地气，我想了一下，还是要接地气一下，所以今天再往下多走一步，从梯子上下来，我们聊一...
2025-07-20 15:37:20,083 - INFO - 句子 1 创建Communicate对象耗时: 1.0ms
2025-07-20 15:37:20,083 - INFO - 句子 1 开始网络请求... (尝试 1/3)
2025-07-20 15:37:24,651 - INFO - 开始转换句子 2: 这一部分怎么说呢...
2025-07-20 15:37:24,652 - INFO - 句子 2 创建Communicate对象耗时: 0.0ms
2025-07-20 15:37:24,652 - INFO - 句子 2 开始网络请求... (尝试 1/3)
2025-07-20 15:37:29,202 - INFO - 开始转换句子 3: 拿着刚才“提示词表达”看到的道，来落到具体写提示词的场景中...
2025-07-20 15:37:29,203 - INFO - 句子 3 创建Communicate对象耗时: 0.0ms
2025-07-20 15:37:29,203 - INFO - 句子 3 开始网络请求... (尝试 1/3)
2025-07-20 15:37:33,731 - INFO - 开始转换句子 4: 我尝试着做一件事情，希望找到一个东西，这个东西可以把我学过的、我见过的和我未来可能看到的所有提示词技...
2025-07-20 15:37:33,732 - INFO - 句子 4 创建Communicate对象耗时: 0.0ms
2025-07-20 15:37:33,733 - INFO - 句子 4 开始网络请求... (尝试 1/3)
2025-07-20 15:37:39,562 - INFO - 句子 2 网络请求+保存完成，耗时: 14909.9ms
2025-07-20 15:37:39,562 - INFO - 句子 2 生成文件大小: 12384 bytes
2025-07-20 15:37:39,563 - INFO - 句子 2 转换完成，总耗时: 14912.1ms
2025-07-20 15:37:39,825 - INFO - 句子 1 网络请求+保存完成，耗时: 19741.1ms
2025-07-20 15:37:39,825 - INFO - 句子 1 生成文件大小: 69264 bytes
2025-07-20 15:37:39,825 - INFO - 句子 1 转换完成，总耗时: 19743.6ms
2025-07-20 15:37:40,272 - INFO - 句子 3 网络请求+保存完成，耗时: 11068.5ms
2025-07-20 15:37:40,272 - INFO - 句子 3 生成文件大小: 37008 bytes
2025-07-20 15:37:40,272 - INFO - 句子 3 转换完成，总耗时: 11070.0ms
2025-07-20 15:37:41,926 - INFO - 句子 4 网络请求+保存完成，耗时: 8193.1ms
2025-07-20 15:37:41,927 - INFO - 句子 4 生成文件大小: 68544 bytes
2025-07-20 15:37:41,927 - INFO - 句子 4 转换完成，总耗时: 8195.8ms
2025-07-20 15:37:41,927 - INFO - 句子 1 任务完成，进度: 1/11
2025-07-20 15:37:41,929 - INFO - 句子 2 任务完成，进度: 2/11
2025-07-20 15:37:41,930 - INFO - 句子 3 任务完成，进度: 3/11
2025-07-20 15:37:41,935 - INFO - 句子 4 任务完成，进度: 4/11
2025-07-20 15:37:42,239 - INFO - 开始执行批次 2，包含 4 个任务
2025-07-20 15:37:42,239 - INFO - 开始转换句子 5: 我看到任何提示词技巧都不再惊诧，都能用我这个框架来解释，我想找这么一个东西...
2025-07-20 15:37:42,240 - INFO - 句子 5 创建Communicate对象耗时: 0.0ms
2025-07-20 15:37:42,240 - INFO - 句子 5 开始网络请求... (尝试 1/3)
2025-07-20 15:37:46,785 - INFO - 开始转换句子 6: 试了很长时间，后来发现答案就在身边...
2025-07-20 15:37:46,786 - INFO - 句子 6 创建Communicate对象耗时: 0.0ms
2025-07-20 15:37:46,786 - INFO - 句子 6 开始网络请求... (尝试 1/3)
2025-07-20 15:37:51,325 - INFO - 开始转换句子 7: 1955年左右心理学家发明的一个分析框架，乔哈里视窗...
2025-07-20 15:37:51,326 - INFO - 句子 7 创建Communicate对象耗时: 0.0ms
2025-07-20 15:37:51,326 - INFO - 句子 7 开始网络请求... (尝试 1/3)
2025-07-20 15:37:55,871 - INFO - 开始转换句子 8: 乔哈里视窗本来的用法是用于人跟人沟通的，我自己知道和不知道的信息，以及我对面坐的这个人知道和不知道的...
2025-07-20 15:37:55,872 - INFO - 句子 8 创建Communicate对象耗时: 0.0ms
2025-07-20 15:37:55,872 - INFO - 句子 8 开始网络请求... (尝试 1/3)
2025-07-20 15:38:01,699 - INFO - 句子 6 网络请求+保存完成，耗时: 14912.7ms
2025-07-20 15:38:01,699 - INFO - 句子 6 生成文件大小: 25344 bytes
2025-07-20 15:38:01,699 - INFO - 句子 6 转换完成，总耗时: 14914.2ms
2025-07-20 15:38:02,250 - INFO - 句子 7 网络请求+保存完成，耗时: 10924.2ms
2025-07-20 15:38:02,250 - INFO - 句子 7 生成文件大小: 34272 bytes
2025-07-20 15:38:02,250 - INFO - 句子 7 转换完成，总耗时: 10925.7ms
2025-07-20 15:38:03,358 - INFO - 句子 5 网络请求+保存完成，耗时: 21117.9ms
2025-07-20 15:38:03,358 - INFO - 句子 5 生成文件大小: 46512 bytes
2025-07-20 15:38:03,358 - INFO - 句子 5 转换完成，总耗时: 21119.4ms
2025-07-20 15:38:04,134 - INFO - 句子 8 网络请求+保存完成，耗时: 8262.3ms
2025-07-20 15:38:04,134 - INFO - 句子 8 生成文件大小: 103536 bytes
2025-07-20 15:38:04,135 - INFO - 句子 8 转换完成，总耗时: 8264.3ms
2025-07-20 15:38:04,136 - INFO - 句子 5 任务完成，进度: 5/11
2025-07-20 15:38:04,136 - INFO - 句子 6 任务完成，进度: 6/11
2025-07-20 15:38:04,137 - INFO - 句子 7 任务完成，进度: 7/11
2025-07-20 15:38:04,138 - INFO - 句子 8 任务完成，进度: 8/11
2025-07-20 15:38:04,425 - INFO - 开始执行批次 3，包含 3 个任务
2025-07-20 15:38:04,425 - INFO - 开始转换句子 9: 但是，我突然觉得把这个工具稍微做改造，把对面的人知不知道这个事情换成AI知不知道，这个地方就非常之妙...
2025-07-20 15:38:04,426 - INFO - 句子 9 创建Communicate对象耗时: 0.0ms
2025-07-20 15:38:04,426 - INFO - 句子 9 开始网络请求... (尝试 1/3)
2025-07-20 15:38:08,965 - INFO - 开始转换句子 10: 我们见到所有提示词技巧全部能装进这个象限，网上的prompt新技巧冒出来，全部也能归到这里面...
2025-07-20 15:38:08,965 - INFO - 句子 10 创建Communicate对象耗时: 0.0ms
2025-07-20 15:38:08,966 - INFO - 句子 10 开始网络请求... (尝试 1/3)
2025-07-20 15:38:13,502 - INFO - 开始转换句子 11: [图片]...
2025-07-20 15:38:13,503 - INFO - 句子 11 创建Communicate对象耗时: 0.0ms
2025-07-20 15:38:13,503 - INFO - 句子 11 开始网络请求... (尝试 1/3)
2025-07-20 15:38:28,321 - ERROR - 句子 11 尝试 1 失败: Connection timeout to host wss://speech.platform.bing.com/consumer/speech/synthesize/readaloud/edge/v1?TrustedClientToken=6A5AA1D4EAFF4E9FB37E23D68491D6F4&Sec-MS-GEC=78D1C33BB3A90ADB23756D434CAACCD9F164ACE7F90628FF192C5B50BBE019CA&Sec-MS-GEC-Version=1-130.0.2849.68&ConnectionId=e524ab5ac48e4f2680c73342ebae0e9d
2025-07-20 15:38:28,322 - ERROR - 句子 10 尝试 1 失败: Connection timeout to host wss://speech.platform.bing.com/consumer/speech/synthesize/readaloud/edge/v1?TrustedClientToken=6A5AA1D4EAFF4E9FB37E23D68491D6F4&Sec-MS-GEC=78D1C33BB3A90ADB23756D434CAACCD9F164ACE7F90628FF192C5B50BBE019CA&Sec-MS-GEC-Version=1-130.0.2849.68&ConnectionId=01618276ffff4a408dd65e867ee8566c
2025-07-20 15:38:28,322 - ERROR - 句子 9 尝试 1 失败: Connection timeout to host wss://speech.platform.bing.com/consumer/speech/synthesize/readaloud/edge/v1?TrustedClientToken=6A5AA1D4EAFF4E9FB37E23D68491D6F4&Sec-MS-GEC=78D1C33BB3A90ADB23756D434CAACCD9F164ACE7F90628FF192C5B50BBE019CA&Sec-MS-GEC-Version=1-130.0.2849.68&ConnectionId=30f9b30557bb48658c9d0a6b1fc65f02
2025-07-20 15:38:29,322 - INFO - 句子 11 创建Communicate对象耗时: 0.0ms
2025-07-20 15:38:29,323 - INFO - 句子 11 开始网络请求... (尝试 2/3)
2025-07-20 15:38:33,872 - INFO - 句子 9 创建Communicate对象耗时: 0.0ms
2025-07-20 15:38:33,872 - INFO - 句子 9 开始网络请求... (尝试 2/3)
2025-07-20 15:38:38,392 - INFO - 句子 10 创建Communicate对象耗时: 0.0ms
2025-07-20 15:38:38,392 - INFO - 句子 10 开始网络请求... (尝试 2/3)
2025-07-20 15:39:03,437 - ERROR - 句子 10 尝试 2 失败: No audio was received. Please verify that your parameters are correct.
2025-07-20 15:39:03,438 - ERROR - 句子 9 尝试 2 失败: No audio was received. Please verify that your parameters are correct.
2025-07-20 15:39:03,438 - INFO - 句子 11 网络请求+保存完成，耗时: 34115.1ms
2025-07-20 15:39:03,438 - INFO - 句子 11 生成文件大小: 6480 bytes
2025-07-20 15:39:03,439 - INFO - 句子 11 转换完成，总耗时: 49936.5ms
2025-07-20 15:39:04,440 - INFO - 句子 10 创建Communicate对象耗时: 0.0ms
2025-07-20 15:39:04,440 - INFO - 句子 10 开始网络请求... (尝试 3/3)
2025-07-20 15:39:15,306 - INFO - 文本分割完成，耗时: 0.0ms，分割出 11 个句子
2025-07-20 15:39:22,277 - INFO - === 开始转换流程 ===
2025-07-20 15:39:22,278 - INFO - 文本检查完成，耗时: 1.0ms
2025-07-20 15:39:22,278 - INFO - UI状态更新完成，耗时: 1.0ms
2025-07-20 15:39:22,279 - INFO - === 进入转换线程 ===
2025-07-20 15:39:22,279 - INFO - 线程启动完成，总耗时: 2.0ms
2025-07-20 15:39:22,279 - INFO - 获取文本内容耗时: 0.0ms，文本长度: 427
2025-07-20 15:39:22,282 - INFO - 文本分割完成，耗时: 0.0ms，分割出 11 个句子
2025-07-20 15:39:22,383 - INFO - 句子分割耗时: 103.0ms，句子数量: 11
2025-07-20 15:39:22,384 - INFO - 开始异步转换...
2025-07-20 15:39:22,384 - INFO - 检查edge-tts服务连接...
2025-07-20 15:39:22,386 - INFO - 开始并行转换 11 个句子
2025-07-20 15:39:22,386 - INFO - 使用 8 个并发线程
2025-07-20 15:39:22,387 - INFO - 开始执行批次 1，包含 4 个任务
2025-07-20 15:39:22,387 - INFO - 开始转换句子 1: 但是，这个东西不接地气，我想了一下，还是要接地气一下，所以今天再往下多走一步，从梯子上下来，我们聊一...
2025-07-20 15:39:22,388 - INFO - 句子 1 创建Communicate对象耗时: 0.0ms
2025-07-20 15:39:22,389 - INFO - 句子 1 开始网络请求... (尝试 1/3)
2025-07-20 15:39:22,399 - INFO - 开始转换句子 2: 这一部分怎么说呢...
2025-07-20 15:39:22,400 - INFO - 句子 2 创建Communicate对象耗时: 0.0ms
2025-07-20 15:39:22,400 - INFO - 句子 2 开始网络请求... (尝试 1/3)
2025-07-20 15:39:22,409 - INFO - 开始转换句子 3: 拿着刚才“提示词表达”看到的道，来落到具体写提示词的场景中...
2025-07-20 15:39:22,409 - INFO - 句子 3 创建Communicate对象耗时: 0.0ms
2025-07-20 15:39:22,409 - INFO - 句子 3 开始网络请求... (尝试 1/3)
2025-07-20 15:39:22,418 - INFO - 开始转换句子 4: 我尝试着做一件事情，希望找到一个东西，这个东西可以把我学过的、我见过的和我未来可能看到的所有提示词技...
2025-07-20 15:39:22,418 - INFO - 句子 4 创建Communicate对象耗时: 0.0ms
2025-07-20 15:39:22,419 - INFO - 句子 4 开始网络请求... (尝试 1/3)
2025-07-20 15:39:23,671 - INFO - 句子 2 网络请求+保存完成，耗时: 1271.6ms
2025-07-20 15:39:23,671 - INFO - 句子 2 生成文件大小: 12384 bytes
2025-07-20 15:39:23,671 - INFO - 句子 2 转换完成，总耗时: 1272.6ms
2025-07-20 15:39:24,413 - INFO - 句子 4 网络请求+保存完成，耗时: 1994.3ms
2025-07-20 15:39:24,414 - INFO - 句子 4 生成文件大小: 68400 bytes
2025-07-20 15:39:24,414 - INFO - 句子 4 转换完成，总耗时: 1996.3ms
2025-07-20 15:39:24,489 - INFO - 句子 3 网络请求+保存完成，耗时: 2080.3ms
2025-07-20 15:39:24,490 - INFO - 句子 3 生成文件大小: 36432 bytes
2025-07-20 15:39:24,490 - INFO - 句子 3 转换完成，总耗时: 2082.3ms
2025-07-20 15:39:24,537 - INFO - 句子 1 网络请求+保存完成，耗时: 2147.3ms
2025-07-20 15:39:24,537 - INFO - 句子 1 生成文件大小: 68112 bytes
2025-07-20 15:39:24,537 - INFO - 句子 1 转换完成，总耗时: 2150.3ms
2025-07-20 15:39:24,537 - INFO - 句子 1 任务完成，进度: 1/11
2025-07-20 15:39:24,538 - INFO - 句子 2 任务完成，进度: 2/11
2025-07-20 15:39:24,539 - INFO - 句子 3 任务完成，进度: 3/11
2025-07-20 15:39:24,540 - INFO - 句子 4 任务完成，进度: 4/11
2025-07-20 15:39:24,840 - INFO - 开始执行批次 2，包含 4 个任务
2025-07-20 15:39:24,840 - INFO - 开始转换句子 5: 我看到任何提示词技巧都不再惊诧，都能用我这个框架来解释，我想找这么一个东西...
2025-07-20 15:39:24,841 - INFO - 句子 5 创建Communicate对象耗时: 0.0ms
2025-07-20 15:39:24,841 - INFO - 句子 5 开始网络请求... (尝试 1/3)
2025-07-20 15:39:24,850 - INFO - 开始转换句子 6: 试了很长时间，后来发现答案就在身边...
2025-07-20 15:39:24,851 - INFO - 句子 6 创建Communicate对象耗时: 0.0ms
2025-07-20 15:39:24,851 - INFO - 句子 6 开始网络请求... (尝试 1/3)
2025-07-20 15:39:24,859 - INFO - 开始转换句子 7: 1955年左右心理学家发明的一个分析框架，乔哈里视窗...
2025-07-20 15:39:24,860 - INFO - 句子 7 创建Communicate对象耗时: 0.0ms
2025-07-20 15:39:24,860 - INFO - 句子 7 开始网络请求... (尝试 1/3)
2025-07-20 15:39:24,868 - INFO - 开始转换句子 8: 乔哈里视窗本来的用法是用于人跟人沟通的，我自己知道和不知道的信息，以及我对面坐的这个人知道和不知道的...
2025-07-20 15:39:24,868 - INFO - 句子 8 创建Communicate对象耗时: 0.0ms
2025-07-20 15:39:24,869 - INFO - 句子 8 开始网络请求... (尝试 1/3)
2025-07-20 15:39:26,140 - INFO - 句子 5 网络请求+保存完成，耗时: 1298.1ms
2025-07-20 15:39:26,141 - INFO - 句子 5 生成文件大小: 45360 bytes
2025-07-20 15:39:26,141 - INFO - 句子 5 转换完成，总耗时: 1300.1ms
2025-07-20 15:39:26,202 - INFO - 句子 7 网络请求+保存完成，耗时: 1341.1ms
2025-07-20 15:39:26,203 - INFO - 句子 7 生成文件大小: 34272 bytes
2025-07-20 15:39:26,203 - INFO - 句子 7 转换完成，总耗时: 1343.1ms
2025-07-20 15:39:26,826 - INFO - 句子 6 网络请求+保存完成，耗时: 1974.2ms
2025-07-20 15:39:26,826 - INFO - 句子 6 生成文件大小: 25200 bytes
2025-07-20 15:39:26,827 - INFO - 句子 6 转换完成，总耗时: 1976.2ms
2025-07-20 15:39:27,075 - INFO - 句子 8 网络请求+保存完成，耗时: 2205.3ms
2025-07-20 15:39:27,076 - INFO - 句子 8 生成文件大小: 102384 bytes
2025-07-20 15:39:27,076 - INFO - 句子 8 转换完成，总耗时: 2207.3ms
2025-07-20 15:39:27,077 - INFO - 句子 5 任务完成，进度: 5/11
2025-07-20 15:39:27,077 - INFO - 句子 6 任务完成，进度: 6/11
2025-07-20 15:39:27,079 - INFO - 句子 7 任务完成，进度: 7/11
2025-07-20 15:39:27,080 - INFO - 句子 8 任务完成，进度: 8/11
2025-07-20 15:39:27,382 - INFO - 开始执行批次 3，包含 3 个任务
2025-07-20 15:39:27,382 - INFO - 开始转换句子 9: 但是，我突然觉得把这个工具稍微做改造，把对面的人知不知道这个事情换成AI知不知道，这个地方就非常之妙...
2025-07-20 15:39:27,383 - INFO - 句子 9 创建Communicate对象耗时: 0.0ms
2025-07-20 15:39:27,383 - INFO - 句子 9 开始网络请求... (尝试 1/3)
2025-07-20 15:39:27,395 - INFO - 开始转换句子 10: 我们见到所有提示词技巧全部能装进这个象限，网上的prompt新技巧冒出来，全部也能归到这里面...
2025-07-20 15:39:27,396 - INFO - 句子 10 创建Communicate对象耗时: 0.0ms
2025-07-20 15:39:27,396 - INFO - 句子 10 开始网络请求... (尝试 1/3)
2025-07-20 15:39:27,405 - INFO - 开始转换句子 11: [图片]...
2025-07-20 15:39:27,405 - INFO - 句子 11 创建Communicate对象耗时: 0.0ms
2025-07-20 15:39:27,406 - INFO - 句子 11 开始网络请求... (尝试 1/3)
2025-07-20 15:39:28,446 - INFO - 句子 11 网络请求+保存完成，耗时: 1040.0ms
2025-07-20 15:39:28,446 - INFO - 句子 11 生成文件大小: 7920 bytes
2025-07-20 15:39:28,447 - INFO - 句子 11 转换完成，总耗时: 1042.0ms
2025-07-20 15:39:29,102 - INFO - 句子 10 网络请求+保存完成，耗时: 1704.6ms
2025-07-20 15:39:29,102 - INFO - 句子 10 生成文件大小: 53280 bytes
2025-07-20 15:39:29,102 - INFO - 句子 10 转换完成，总耗时: 1706.6ms
2025-07-20 15:39:30,240 - INFO - 句子 9 网络请求+保存完成，耗时: 2856.3ms
2025-07-20 15:39:30,240 - INFO - 句子 9 生成文件大小: 64368 bytes
2025-07-20 15:39:30,240 - INFO - 句子 9 转换完成，总耗时: 2857.3ms
2025-07-20 15:39:30,241 - INFO - 句子 9 任务完成，进度: 9/11
2025-07-20 15:39:30,245 - INFO - 句子 10 任务完成，进度: 10/11
2025-07-20 15:39:30,247 - INFO - 句子 11 任务完成，进度: 11/11
2025-07-20 15:39:30,255 - INFO - 所有句子转换完成，耗时: 7.87s，平均每句: 715.3ms
2025-07-20 15:39:30,257 - INFO - === 并行转换完成，总耗时: 7.87s ===
2025-07-20 15:39:30,258 - INFO - 异步转换完成，耗时: 7.87s
2025-07-20 15:39:30,264 - INFO - === 转换流程结束，总耗时: 7.98s ===
2025-07-20 15:39:37,863 - INFO - 保存按钮被点击 - is_converted: True, audio_files数量: 11
2025-07-20 15:39:37,863 - INFO - 找到 11 个有效音频文件，开始保存...
2025-07-20 15:39:42,953 - INFO - 开始合并音频到: C:/Users/syl/Desktop/20250720_153937.mp3
2025-07-20 15:39:44,670 - INFO - 保存完成 - 仅主文件: C:/Users/syl/Desktop/20250720_153937.mp3
